0BxW61uJyyN8Tb2lGRE9Ja0F0MVE
0BxW61uJyyN8TTDY5UUQ4MzJuU2c
0BxW61uJyyN8Tby04N2Y3V1ZjMW8
0BxW61uJyyN8TNlRWX1ZScWVuRjg
0BxW61uJyyN8TWEcxcGZsQW11cDQ
1YymqOorsWAMlvRWSFljWDeeOVICF5LN1yDRk0hZjRL0
0BxW61uJyyN8TSVVfNWM0YzFVX1U
0BxW61uJyyN8TS3g1V0dwMVhmWEE
0BxW61uJyyN8TelB0R2JEalpPZkk
0BxW61uJyyN8TQWZEU2ZSU3dtcG8
0BxW61uJyyN8TZjdUQlpObHlGMUE
0BxW61uJyyN8TXzdXa3BMNzk1Mlk
0BxW61uJyyN8TNjhndjQzX0hpQ00
0BxW61uJyyN8TdmRmeDRHUWR2RU0
0BxW61uJyyN8TVHBWZUVSMS1VMEE
0BxW61uJyyN8TVEZ0Q2ZxY0tQMTA
0BxW61uJyyN8TaWFKOE1lZ2ExeEk
0BxW61uJyyN8TaFU3RjlVcnZ4cUU
0BxW61uJyyN8TUk1FNS1HQ3lPTVk
0BxW61uJyyN8TZWRhY2JjOGYtOTFkMi00MDdlLWFmNjQtMzY3OGQ4MDc0MGM5
0BxW61uJyyN8TZWJjMjg0NWQtMmE3MC00MzkyLWE5ZDUtOTViNmIwMTNhNjE5
0BxW61uJyyN8TZDI0YWVjNTMtZDgzZi00ZGU4LWExOGEtMTE1MWZjMzdlY2Mz
0BxW61uJyyN8TODljNWZhYTYtYzc0OC00OGU2LTk5MjMtOGZjN2M1NDhlYjE2
0BxW61uJyyN8TNWY3ODQ5ZGYtOWE5My00OTI0LTg2YTgtZDk3M2E1Y2FkYWI4
0BxW61uJyyN8TM2M5MDg4ZDEtNjlmYy00MzU5LTljN2ItMzZhZWNkZmY0OWY3
0BxW61uJyyN8TNmJUUHdOWDR5bDQ
0BxW61uJyyN8TT1EwVzBydnNYYWc
0BxW61uJyyN8TNElIUWVqUml5cTQ
0BxW61uJyyN8TZVNVcjhGTjFONUE
0BxW61uJyyN8TNFRqMGlRd0FOdXc
0BxW61uJyyN8TUlRRRVU1Qkk5MVE
0BxW61uJyyN8TSkg5a3BVMml4cTQ
0BxW61uJyyN8TY040M3pocEJDN0k
0BxW61uJyyN8TVU1hc29RaVFaR3c
0BxW61uJyyN8TZTJhYTlmOWUtN2I5OS00MTk2LWJhY2YtZWI5NDJhN2M4ZjY5
0BxW61uJyyN8TYzM3MTUxZGMtZjMzMS00ZWJiLWEwZGQtZmM1ZmUyM2JhNWMx
0BxW61uJyyN8TNjM2Y2VmZDAtNmFlOC00YWVjLWJlYzQtN2EzMjllYjViZTc0
0BxW61uJyyN8TOVBlTVNwQ1ItV3M
0BxW61uJyyN8TUDNpTEdzdTJPMXc
0BxW61uJyyN8Tak9PMmpuZkJmcFU
0BxW61uJyyN8Tam5objBFZnZGZWc
0BxW61uJyyN8TcElMVHZlWlBEanM
0BxW61uJyyN8TSldGYno4ZC1ZaWs
0BxW61uJyyN8TYTNhVHNhX25OMG8
0BxW61uJyyN8TOTc3OTRjYzUtNTVkZS00NGM0LThkZWEtZTliOWNkNGQ5NDVk
0BxW61uJyyN8TM2FlY2MyMWMtY2I5Yi00MDZjLWExNTUtYjIwMTJkYjEwZGU2
0BxW61uJyyN8TN2ZiYTVkNGYtNGFkMy00ODFlLTg2OTYtODY3NmFmZWE2OGY5
0BxW61uJyyN8TY2Q2YjMwYzktODM2Mi00ZDRiLTg0NjYtODBjNDNlNjFiYTY1
0BxW61uJyyN8TN2Y0YTdkMDgtMmY1OC00YTM5LTg1OTEtMDY1ZjYwMzk4OWFj
0BxW61uJyyN8TZmZiYWQ0ZTUtNjhiYy00ZWE4LWJjMzktNjBjNzZlOWMyYzU5
0BxW61uJyyN8TMTFlMGY3NGItZWM1Zi00ZmYyLTg5MTEtNmFmMWIyNmJjNjZm
0BxW61uJyyN8TYmMwMGUzYmUtNzc3ZC00NjhlLTllZjYtOGNhMjRkMjM1OWM2
0BxW61uJyyN8TN2FmZGJlZjAtZTdmNC00OTI2LTlkOWYtMjAzYWU5ZjNkYzQz
0BxW61uJyyN8TZDgwMDE5MTctZDRmYi00NWM0LWI2NTYtMDdiNmU2ZmU1N2I1
0BxW61uJyyN8TYWYyNmIwMmItZmVlOS00MWM1LTk3OGYtYjYyMTk3YzZmOTEx
0BxW61uJyyN8TNTA4YTNmYTMtOTM4ZC00OGNjLWJjYWUtZTg0YTY1ODlhNTE3
0BxW61uJyyN8TZWVhZjUzOWMtNmMxNS00ZmFkLThjYWQtMzI5ZGQwYmIzYTQz
0BxW61uJyyN8TNGM1MWMxZjQtZDY3OC00MjU3LWIzZGItZGFkZGU1NjFjODQw
0BxW61uJyyN8TMWFiZDZhNDctZDczNy00NDFmLTg3M2ItYWRmZDAyZTQ5NmU4
1WzNU2_auzn7Bv2GYF18AY08mx97lgFoOKWE9ZSi-lgs
0BxW61uJyyN8TNjAyYTRhYmQtNTcyYy00ZGZiLWJmYTQtMDBlYmFhMDg1MTFh
0BxW61uJyyN8TZHhMcnJMZjZSdk0
0BxW61uJyyN8TaV82MWtiZ2JQemM
0BxW61uJyyN8TRlZXa0E4OFowN0k
0BxW61uJyyN8TYW9ZVFlHOGZsQTQ
0BxW61uJyyN8TNzk4YmZkMTktZjA4YS00YTFlLWFiM2UtZmE5NzJiYjQwMzVl
0BxW61uJyyN8TakpUT1M5U2hpaWM
0BxW61uJyyN8TU2FyaDhUcFcxcFU
0BxW61uJyyN8TTDZpcHF0Y0RJcGs
0BxW61uJyyN8TUjFvcS1lN25aODQ
0BxW61uJyyN8TcDNDMWpLeXFuVGM
0BxW61uJyyN8TZWY2N2NhMDYtYjQwZC00MzkyLWIxZjktNjk1MmYwODE4NmI2
0BxW61uJyyN8TMTQwYTRiMjctYzczOC00ODIwLThlMzktMWI3ZjE0NjViMmQ1
0BxW61uJyyN8TNjRiMTllMGEtOTkwYy00YTgwLWIyNGQtMzkzZTE3ZDc3ZjVl
0BxW61uJyyN8TYmMyNGEzY2UtZmM2My00NjNlLWFkNjAtZDE2MTQyZWYxOWZj
0BxW61uJyyN8TYWVmYTA0MGMtNjE2OC00MjVkLTg3MGQtMWQzYjEyMmVhMjFl
0BxW61uJyyN8TYjVhMGE5MzMtZjhmNC00MWZiLWE3MGUtMzI2Y2E5MjUxY2Vj
0BxW61uJyyN8TOTk5OTRkM2QtMDdiNi00YzczLTkwYjUtNDhmNmQ4YzVkNjhm
0BxW61uJyyN8TNzk4Yjc3NWQtNzE4Yy00MGZkLWExMTktMWMxMThkMGU5YmMz
0BxW61uJyyN8TN1hEdEZrdHRUdzg
0BxW61uJyyN8TS0R5dC1sNnZQZk0
0BxW61uJyyN8TaFY2S0RnYTdLMVE
0BxW61uJyyN8TSjNERzlsMGtxUm8
0BxW61uJyyN8TTDYzRzA4T3h2LTg
0BxW61uJyyN8Td082UXZ3X1c0OEk
0BxW61uJyyN8TWjNfb0pZdGwwNUU
0BxW61uJyyN8TTUhmWmRUUjlzYVU
0BxW61uJyyN8TRmJTU1c0VHkyQnM
0BxW61uJyyN8TWHoxd1NuMXQ3Wkk
0BxW61uJyyN8TalJMUXlIWUU5eDg
0BxW61uJyyN8TVncxWm1Gd3ZQMjQ
0BxW61uJyyN8TaWphcHNQcXp4TG8
0BxW61uJyyN8TMzFhZGE3N2EtMWJjNC00MDBhLTk3NjYtYjFkZTQ3YzM3OGNi
0BxW61uJyyN8TNDk5NWRlYmUtYjBhZi00MGU4LWIwODQtY2Y4NjczM2I4M2Ri
0BxW61uJyyN8TODVhNDYyODktYTg4Yy00ZWQyLThhNTgtMGY5MTJiODgzZTEw
0BxW61uJyyN8TOWFhOTM2ZDUtNjViYi00ZTA2LWJiNTMtOTc4MmM5ODAyMmUx
0BxW61uJyyN8TMzA5ZmM5MDctMzIwNC00YjhmLTgwMWUtNWY2NDdjMmRmNTRi
0BxW61uJyyN8TN2IzZDY2Y2YtYzhjOC00NTdkLTgzMTQtMTUxOGM2NDhhNzYz
0BxW61uJyyN8TYjZkMGFiYjgtYTIwZi00OTQ3LWJlY2UtMzY1ZDE5Y2E5OTg3
0BxW61uJyyN8TMGJkMzc3NWQtMGZjNy00Njk2LWEzMzEtM2UyZTY2NjU4NjA5
0BxW61uJyyN8TZmNlNGJmNTItZWQ4ZS00MGFiLWFhNDUtODlhYjkxZWQyZTZi
0BxW61uJyyN8TMDYzZjE2YmQtZDU3ZS00Y2ExLTk2YzAtOTBlNGM4NzIzYTk5
0BxW61uJyyN8TNTBjY2MwNTQtZGI0MS00NzdhLTljOTUtNjg4ODM2ZThjN2Uz
0BxW61uJyyN8TNWZkYzZiMjUtYzM5Mi00M2Y4LTg1NDAtZmE5OWNhMzVmOTA0
0BxW61uJyyN8TY2U2MGNiNjMtY2Q2YS00NjA4LThkYjMtNzYyMTE5ZmJjYTVi
0BxW61uJyyN8TZWQzZTc3MjUtNzcwNS00ODc1LWEzZDctM2JlMDQyNjE2Nzkx
0BxW61uJyyN8TM2Y0MTM3MGItZDUxYi00Mjg3LThmOTQtNDZkYjg3ZDIzZWNi
0BxW61uJyyN8TYjA2OGYyYWEtMzY5OC00Y2UxLWE5MDQtM2Y0NmFjMzhhZDdj
0BxW61uJyyN8TZDg4MWRiODYtYTBhZS00MDEyLWI0ZWUtZjUzMGVkZDg0ZmU3
0BxW61uJyyN8TMDBiMWQzMTctNWUzMS00ZGE3LTk1ZDctNjVjZmUyYzZmNTcx
0BxW61uJyyN8TNTkyY2YwZjMtNTA0Yi00YzY0LTk0ZjMtMzdhNTc2YzU1YzU3
0BxW61uJyyN8TZDJhZDViYzctNTNmMi00ZDU0LTkzMzMtNjc0MDhmYzAwYmY3
0BxW61uJyyN8TOTFkZDRiOWEtNDJkZS00NzY4LTg5NDctNWUzYWFhYjczZDVh
0BxW61uJyyN8TZjAzODg5NjktNjA5Ni00MGMzLThiZGEtZTdkZThkMTY1ODk0
0BxW61uJyyN8TZjUzNzNhZjMtYjliMS00Njc0LTk5M2MtOGUwZjY0ZDA4OWQw
0BxW61uJyyN8TVUdsbExCSVc1NWs
0BxW61uJyyN8TZVBuY2JQb0RwOWM
0BxW61uJyyN8TbGtZRzc1cUZMZHc
0BxW61uJyyN8TVlUxR1piQUJxbUU
0BxW61uJyyN8Td3owZk82dHY5bVU
0BxW61uJyyN8TR3NuUFJhR3gyWmc
0BxW61uJyyN8TM2Q4NWM1Y2MtYzMyYy00ZjcyLWI1YTctMTJiNDRjMjgxZDhi
0BxW61uJyyN8TZmhrOXZMOURlbW8
0BxW61uJyyN8TNjJfOGFFVkNnMTg
0BxW61uJyyN8TYW9Hd1d6X1dUNDZJbVpvS2xQRlh0QQ
0BxW61uJyyN8TMTIwM2NmMWEtYzg1Ni00YzQ0LThmMzYtYTU4MTBlODM4ZTY2
0BxW61uJyyN8TY2JhZmM4Y2ItY2YxNC00YjQ1LTk5NTAtYWY3N2RkM2YzNWY3
0BxW61uJyyN8TYjM4NmQ4MWItYzA4OS00OGFiLTgzZTctMWNiZDc0MDI4NDc1
0BxW61uJyyN8TY2VkM2ExYmUtMjE3MS00ZDVjLWI1NzItMjRiYjllNjc1NmEx
0BxW61uJyyN8TUVZ3TjZQMUpURHM
0BxW61uJyyN8TWXM5UDhSQXVfMFk
0BxW61uJyyN8TN1cwYjRVLXMyQjA
0BxW61uJyyN8Tbkxzd0J3V2oxZG8
0BxW61uJyyN8TVlJMMmxmUTdPOWc
0BxW61uJyyN8TNTFmN2QwZTItZGJkYS00NmZmLWFkMjYtZGE4ZjRiYzBmNmQ2
0BxW61uJyyN8TOGVlNTM5ZjgtNjY0Ni00ZGJlLWJlNTktNjZjZGY1NWIxMGY4
0BxW61uJyyN8TODA4NmM1ZTUtOTk0Mi00ZmJmLWI3NzctNjlkNTJlZWRmZmNm
0BxW61uJyyN8TOGM1ODE0MzAtMTdkNi00YjUyLWExMDktNDRkOTQzNTI3N2Q1
0BxW61uJyyN8TYjJjMjJmMDMtMGZlNS00YmE1LWFjYmMtNjI0NjhjY2Q1M2Fj
0BxW61uJyyN8TYzZkZGZlOTctNjBjMC00ZWE4LTllZGItMzg1NWU0YjdmMzVl
0BxW61uJyyN8TMWE4YjhkZmQtNGM3Yi00MjQxLTgyNDYtNzQ1YjM2YTU1ZmEz
0BxW61uJyyN8TWF9RRUpxR0xoc2M
0BxW61uJyyN8TM0hGNEUwc3pDY2M
0BxW61uJyyN8Ta05NQXpMMno2aEU
0BxW61uJyyN8TZXZYaXhoM0QzZTA
0BxW61uJyyN8TYjdEY3ZKWmZfNXM
0BxW61uJyyN8TN052aE5KNmRsV00
0BxW61uJyyN8TQzFRLVhlaXJnSjg
0BxW61uJyyN8TYmk2eVYyZVFETXM
0BxW61uJyyN8TZGZNRTNQUldfbG8
0BxW61uJyyN8TV1k0ZFotaHZGSTQ
0BxW61uJyyN8TYzZjNTcxNzgtMzNmZi00YmRhLTkwYTgtMGI2NTMwMTdlYWVl
0BxW61uJyyN8TMTc4YmM5ODgtZjQ0Yy00NTk4LWI3NzUtYWI4YWY2M2YzZjU5
0BxW61uJyyN8TNjJhYjU4YTUtYzM0NS00MDAwLThkNWItZDkyZDllYjAyNzQ5
0BxW61uJyyN8TZDE4NjAzOGMtMWM3OC00YmRhLWE4Y2ItNTZmYmEyMTlmYjk3
0BxW61uJyyN8TNGI2MzQzZjgtYzk4OC00ZmM2LWI3MTQtODhmNjA0YThjMjNl
0BxW61uJyyN8TOGViZDRlYjQtZWZkMS00MGYwLWIxN2UtNjIzYjBjNWU2MDAx
0BxW61uJyyN8TNmU4YmIyMWMtYTNhNy00OGJhLWEyMWMtNmRkMDFhNjg1NDIw
0BxW61uJyyN8TYTMxZDQyNDItNmI2NS00NTkwLTk4NGEtNTI0Y2E2MjU1Nzg1
0BxW61uJyyN8TMDllMzVkYzAtMGNhMC00N2FiLWJiMmYtN2JkOGMwNTZiNDJi
0BxW61uJyyN8TYTYwOWY2MTgtMDFiZC00YzczLWE5ZGYtNzJjNTEwYmZhZmIy
0BxW61uJyyN8TN2NmNWU4MDAtNjM0My00YTkyLWIwY2QtNDU5NGRiYzYxMmI2
0BxW61uJyyN8TNjc2YmJiMTMtNzRiYi00NmM4LWEwMDUtZmQwNmU1NjU0MTgw
0BxW61uJyyN8TNTMwZjg3M2ItOWY5OS00MjI0LTk1NmQtOTVjODNmMzlhM2Q1
0BxW61uJyyN8TMjM4NDcyY2UtYWQzNi00MzZlLTkwM2UtNjY4MzA1OTNjM2Rm
