0BxW61uJyyN8TcElMVHZlWlBEanM
0BxW61uJyyN8TSldGYno4ZC1ZaWs
0BxW61uJyyN8TYTNhVHNhX25OMG8
0BxW61uJyyN8TOTc3OTRjYzUtNTVkZS00NGM0LThkZWEtZTliOWNkNGQ5NDVk
0BxW61uJyyN8TM2FlY2MyMWMtY2I5Yi00MDZjLWExNTUtYjIwMTJkYjEwZGU2
0BxW61uJyyN8TN2ZiYTVkNGYtNGFkMy00ODFlLTg2OTYtODY3NmFmZWE2OGY5
0BxW61uJyyN8TY2Q2YjMwYzktODM2Mi00ZDRiLTg0NjYtODBjNDNlNjFiYTY1
0BxW61uJyyN8TN2Y0YTdkMDgtMmY1OC00YTM5LTg1OTEtMDY1ZjYwMzk4OWFj
0BxW61uJyyN8TZmZiYWQ0ZTUtNjhiYy00ZWE4LWJjMzktNjBjNzZlOWMyYzU5
0BxW61uJyyN8TMTFlMGY3NGItZWM1Zi00ZmYyLTg5MTEtNmFmMWIyNmJjNjZm
0BxW61uJyyN8TYmMwMGUzYmUtNzc3ZC00NjhlLTllZjYtOGNhMjRkMjM1OWM2
0BxW61uJyyN8TN2FmZGJlZjAtZTdmNC00OTI2LTlkOWYtMjAzYWU5ZjNkYzQz
0BxW61uJyyN8TZDgwMDE5MTctZDRmYi00NWM0LWI2NTYtMDdiNmU2ZmU1N2I1
0BxW61uJyyN8TYWYyNmIwMmItZmVlOS00MWM1LTk3OGYtYjYyMTk3YzZmOTEx
0BxW61uJyyN8TNTA4YTNmYTMtOTM4ZC00OGNjLWJjYWUtZTg0YTY1ODlhNTE3
0BxW61uJyyN8TZWVhZjUzOWMtNmMxNS00ZmFkLThjYWQtMzI5ZGQwYmIzYTQz
0BxW61uJyyN8TNGM1MWMxZjQtZDY3OC00MjU3LWIzZGItZGFkZGU1NjFjODQw
0BxW61uJyyN8TMWFiZDZhNDctZDczNy00NDFmLTg3M2ItYWRmZDAyZTQ5NmU4
0BxW61uJyyN8TalJMUXlIWUU5eDg
0BxW61uJyyN8TVncxWm1Gd3ZQMjQ
0BxW61uJyyN8TaWphcHNQcXp4TG8
0BxW61uJyyN8TMzFhZGE3N2EtMWJjNC00MDBhLTk3NjYtYjFkZTQ3YzM3OGNi
0BxW61uJyyN8TNDk5NWRlYmUtYjBhZi00MGU4LWIwODQtY2Y4NjczM2I4M2Ri
0BxW61uJyyN8TODVhNDYyODktYTg4Yy00ZWQyLThhNTgtMGY5MTJiODgzZTEw
0BxW61uJyyN8TOWFhOTM2ZDUtNjViYi00ZTA2LWJiNTMtOTc4MmM5ODAyMmUx
0BxW61uJyyN8TMzA5ZmM5MDctMzIwNC00YjhmLTgwMWUtNWY2NDdjMmRmNTRi
0BxW61uJyyN8TN2IzZDY2Y2YtYzhjOC00NTdkLTgzMTQtMTUxOGM2NDhhNzYz
0BxW61uJyyN8TYjZkMGFiYjgtYTIwZi00OTQ3LWJlY2UtMzY1ZDE5Y2E5OTg3
0BxW61uJyyN8TMGJkMzc3NWQtMGZjNy00Njk2LWEzMzEtM2UyZTY2NjU4NjA5
0BxW61uJyyN8TZmNlNGJmNTItZWQ4ZS00MGFiLWFhNDUtODlhYjkxZWQyZTZi
0BxW61uJyyN8TMDYzZjE2YmQtZDU3ZS00Y2ExLTk2YzAtOTBlNGM4NzIzYTk5
0BxW61uJyyN8TNTBjY2MwNTQtZGI0MS00NzdhLTljOTUtNjg4ODM2ZThjN2Uz
0BxW61uJyyN8TNWZkYzZiMjUtYzM5Mi00M2Y4LTg1NDAtZmE5OWNhMzVmOTA0
0BxW61uJyyN8TY2U2MGNiNjMtY2Q2YS00NjA4LThkYjMtNzYyMTE5ZmJjYTVi
0BxW61uJyyN8TZWQzZTc3MjUtNzcwNS00ODc1LWEzZDctM2JlMDQyNjE2Nzkx
0BxW61uJyyN8TM2Y0MTM3MGItZDUxYi00Mjg3LThmOTQtNDZkYjg3ZDIzZWNi
0BxW61uJyyN8TYjA2OGYyYWEtMzY5OC00Y2UxLWE5MDQtM2Y0NmFjMzhhZDdj
0BxW61uJyyN8TZDg4MWRiODYtYTBhZS00MDEyLWI0ZWUtZjUzMGVkZDg0ZmU3
0BxW61uJyyN8TMDBiMWQzMTctNWUzMS00ZGE3LTk1ZDctNjVjZmUyYzZmNTcx
0BxW61uJyyN8TNTkyY2YwZjMtNTA0Yi00YzY0LTk0ZjMtMzdhNTc2YzU1YzU3
0BxW61uJyyN8TZDJhZDViYzctNTNmMi00ZDU0LTkzMzMtNjc0MDhmYzAwYmY3
0BxW61uJyyN8TOTFkZDRiOWEtNDJkZS00NzY4LTg5NDctNWUzYWFhYjczZDVh
0BxW61uJyyN8TZjAzODg5NjktNjA5Ni00MGMzLThiZGEtZTdkZThkMTY1ODk0
0BxW61uJyyN8TZjUzNzNhZjMtYjliMS00Njc0LTk5M2MtOGUwZjY0ZDA4OWQw
0BxW61uJyyN8TVUdsbExCSVc1NWs
0BxW61uJyyN8TZVBuY2JQb0RwOWM
0BxW61uJyyN8TbGtZRzc1cUZMZHc
0BxW61uJyyN8TVlUxR1piQUJxbUU
0BxW61uJyyN8Td3owZk82dHY5bVU
0BxW61uJyyN8TR3NuUFJhR3gyWmc
0BxW61uJyyN8TM2Q4NWM1Y2MtYzMyYy00ZjcyLWI1YTctMTJiNDRjMjgxZDhi
0BxW61uJyyN8TZmhrOXZMOURlbW8
0BxW61uJyyN8TNjJfOGFFVkNnMTg
0BxW61uJyyN8TYW9Hd1d6X1dUNDZJbVpvS2xQRlh0QQ
0BxW61uJyyN8TMTIwM2NmMWEtYzg1Ni00YzQ0LThmMzYtYTU4MTBlODM4ZTY2
0BxW61uJyyN8TY2JhZmM4Y2ItY2YxNC00YjQ1LTk5NTAtYWY3N2RkM2YzNWY3
0BxW61uJyyN8TYjM4NmQ4MWItYzA4OS00OGFiLTgzZTctMWNiZDc0MDI4NDc1
0BxW61uJyyN8TY2VkM2ExYmUtMjE3MS00ZDVjLWI1NzItMjRiYjllNjc1NmEx
0BxW61uJyyN8TUVZ3TjZQMUpURHM
0BxW61uJyyN8TWXM5UDhSQXVfMFk
0BxW61uJyyN8TN1cwYjRVLXMyQjA
0BxW61uJyyN8Tbkxzd0J3V2oxZG8
0BxW61uJyyN8TVlJMMmxmUTdPOWc
0BxW61uJyyN8TNTFmN2QwZTItZGJkYS00NmZmLWFkMjYtZGE4ZjRiYzBmNmQ2
0BxW61uJyyN8TOGVlNTM5ZjgtNjY0Ni00ZGJlLWJlNTktNjZjZGY1NWIxMGY4
0BxW61uJyyN8TODA4NmM1ZTUtOTk0Mi00ZmJmLWI3NzctNjlkNTJlZWRmZmNm
0BxW61uJyyN8TOGM1ODE0MzAtMTdkNi00YjUyLWExMDktNDRkOTQzNTI3N2Q1
0BxW61uJyyN8TYjJjMjJmMDMtMGZlNS00YmE1LWFjYmMtNjI0NjhjY2Q1M2Fj
0BxW61uJyyN8TYzZkZGZlOTctNjBjMC00ZWE4LTllZGItMzg1NWU0YjdmMzVl
0BxW61uJyyN8TMWE4YjhkZmQtNGM3Yi00MjQxLTgyNDYtNzQ1YjM2YTU1ZmEz
0BxW61uJyyN8TWF9RRUpxR0xoc2M
0BxW61uJyyN8TM0hGNEUwc3pDY2M
0BxW61uJyyN8Ta05NQXpMMno2aEU
0BxW61uJyyN8TZXZYaXhoM0QzZTA
0BxW61uJyyN8TYjdEY3ZKWmZfNXM
0BxW61uJyyN8TTDY5UUQ4MzJuU2c
0BxW61uJyyN8Tby04N2Y3V1ZjMW8
0BxW61uJyyN8TNlRWX1ZScWVuRjg
0BxW61uJyyN8TWEcxcGZsQW11cDQ
1YymqOorsWAMlvRWSFljWDeeOVICF5LN1yDRk0hZjRL0
0BxW61uJyyN8TSVVfNWM0YzFVX1U
0BxW61uJyyN8TS3g1V0dwMVhmWEE
0BxW61uJyyN8TelB0R2JEalpPZkk
0BxW61uJyyN8TQWZEU2ZSU3dtcG8
0BxW61uJyyN8TZjdUQlpObHlGMUE
0BxW61uJyyN8TXzdXa3BMNzk1Mlk
0BxW61uJyyN8TNjhndjQzX0hpQ00
0BxW61uJyyN8TdmRmeDRHUWR2RU0
0BxW61uJyyN8TVHBWZUVSMS1VMEE
0BxW61uJyyN8TVEZ0Q2ZxY0tQMTA
0BxW61uJyyN8TaWFKOE1lZ2ExeEk
0BxW61uJyyN8TaFU3RjlVcnZ4cUU
0BxW61uJyyN8TUk1FNS1HQ3lPTVk
0BxW61uJyyN8TZWRhY2JjOGYtOTFkMi00MDdlLWFmNjQtMzY3OGQ4MDc0MGM5
0BxW61uJyyN8TZWJjMjg0NWQtMmE3MC00MzkyLWE5ZDUtOTViNmIwMTNhNjE5
0BxW61uJyyN8TZDI0YWVjNTMtZDgzZi00ZGU4LWExOGEtMTE1MWZjMzdlY2Mz
0BxW61uJyyN8TODljNWZhYTYtYzc0OC00OGU2LTk5MjMtOGZjN2M1NDhlYjE2
0BxW61uJyyN8TNWY3ODQ5ZGYtOWE5My00OTI0LTg2YTgtZDk3M2E1Y2FkYWI40BxW61uJyyN8TM2M5MDg4ZDEtNjlmYy00MzU5LTljN2ItMzZhZWNkZmY0OWY3
0BxW61uJyyN8TNmJUUHdOWDR5bDQ
0BxW61uJyyN8TT1EwVzBydnNYYWc
0BxW61uJyyN8TNElIUWVqUml5cTQ
0BxW61uJyyN8TZVNVcjhGTjFONUE
0BxW61uJyyN8TNFRqMGlRd0FOdXc
0BxW61uJyyN8TUlRRRVU1Qkk5MVE
0BxW61uJyyN8TSkg5a3BVMml4cTQ
0BxW61uJyyN8TY040M3pocEJDN0k
0BxW61uJyyN8TVU1hc29RaVFaR3c
0BxW61uJyyN8TZTJhYTlmOWUtN2I5OS00MTk2LWJhY2YtZWI5NDJhN2M4ZjY5
0BxW61uJyyN8TYzM3MTUxZGMtZjMzMS00ZWJiLWEwZGQtZmM1ZmUyM2JhNWMx
0BxW61uJyyN8TNjM2Y2VmZDAtNmFlOC00YWVjLWJlYzQtN2EzMjllYjViZTc0
0BxW61uJyyN8TOVBlTVNwQ1ItV3M
0BxW61uJyyN8TUDNpTEdzdTJPMXc
0BxW61uJyyN8Tak9PMmpuZkJmcFU
1WzNU2_auzn7Bv2GYF18AY08mx97lgFoOKWE9ZSi-lgs
0BxW61uJyyN8TNjAyYTRhYmQtNTcyYy00ZGZiLWJmYTQtMDBlYmFhMDg1MTFh
0BxW61uJyyN8TZHhMcnJMZjZSdk0
0BxW61uJyyN8TaV82MWtiZ2JQemM
0BxW61uJyyN8TRlZXa0E4OFowN0k
0BxW61uJyyN8TYW9ZVFlHOGZsQTQ
0BxW61uJyyN8TNzk4YmZkMTktZjA4YS00YTFlLWFiM2UtZmE5NzJiYjQwMzVl
0BxW61uJyyN8TakpUT1M5U2hpaWM
0BxW61uJyyN8TU2FyaDhUcFcxcFU
0BxW61uJyyN8TTDZpcHF0Y0RJcGs
0BxW61uJyyN8TUjFvcS1lN25aODQ
0BxW61uJyyN8TcDNDMWpLeXFuVGM
0BxW61uJyyN8TZWY2N2NhMDYtYjQwZC00MzkyLWIxZjktNjk1MmYwODE4NmI2
0BxW61uJyyN8TMTQwYTRiMjctYzczOC00ODIwLThlMzktMWI3ZjE0NjViMmQ1
0BxW61uJyyN8TNjRiMTllMGEtOTkwYy00YTgwLWIyNGQtMzkzZTE3ZDc3ZjVl
0BxW61uJyyN8TYmMyNGEzY2UtZmM2My00NjNlLWFkNjAtZDE2MTQyZWYxOWZj
0BxW61uJyyN8TYWVmYTA0MGMtNjE2OC00MjVkLTg3MGQtMWQzYjEyMmVhMjFl
0BxW61uJyyN8TYjVhMGE5MzMtZjhmNC00MWZiLWE3MGUtMzI2Y2E5MjUxY2Vj
0BxW61uJyyN8TOTk5OTRkM2QtMDdiNi00YzczLTkwYjUtNDhmNmQ4YzVkNjhm
0BxW61uJyyN8TNzk4Yjc3NWQtNzE4Yy00MGZkLWExMTktMWMxMThkMGU5YmMz
0BxW61uJyyN8TN1hEdEZrdHRUdzg
0BxW61uJyyN8TS0R5dC1sNnZQZk0
0BxW61uJyyN8TaFY2S0RnYTdLMVE
0BxW61uJyyN8TSjNERzlsMGtxUm8
0BxW61uJyyN8TTDYzRzA4T3h2LTg
0BxW61uJyyN8Td082UXZ3X1c0OEk
0BxW61uJyyN8TWjNfb0pZdGwwNUU
0BxW61uJyyN8TTUhmWmRUUjlzYVU
0BxW61uJyyN8TRmJTU1c0VHkyQnM
0BxW61uJyyN8TWHoxd1NuMXQ3Wkk
0BxW61uJyyN8Tam5objBFZnZGZWc
0BxW61uJyyN8Tb2lGRE9Ja0F0MVE
0BxW61uJyyN8TN052aE5KNmRsV00
0BxW61uJyyN8TQzFRLVhlaXJnSjg
0BxW61uJyyN8TYmk2eVYyZVFETXM
0BxW61uJyyN8TZGZNRTNQUldfbG8
0BxW61uJyyN8TV1k0ZFotaHZGSTQ
0BxW61uJyyN8TYzZjNTcxNzgtMzNmZi00YmRhLTkwYTgtMGI2NTMwMTdlYWVl
0BxW61uJyyN8TMTc4YmM5ODgtZjQ0Yy00NTk4LWI3NzUtYWI4YWY2M2YzZjU5
0BxW61uJyyN8TNjJhYjU4YTUtYzM0NS00MDAwLThkNWItZDkyZDllYjAyNzQ5
0BxW61uJyyN8TZDE4NjAzOGMtMWM3OC00YmRhLWE4Y2ItNTZmYmEyMTlmYjk3
0BxW61uJyyN8TNGI2MzQzZjgtYzk4OC00ZmM2LWI3MTQtODhmNjA0YThjMjNl
0BxW61uJyyN8TOGViZDRlYjQtZWZkMS00MGYwLWIxN2UtNjIzYjBjNWU2MDAx
0BxW61uJyyN8TNmU4YmIyMWMtYTNhNy00OGJhLWEyMWMtNmRkMDFhNjg1NDIw
0BxW61uJyyN8TYTMxZDQyNDItNmI2NS00NTkwLTk4NGEtNTI0Y2E2MjU1Nzg1
0BxW61uJyyN8TMDllMzVkYzAtMGNhMC00N2FiLWJiMmYtN2JkOGMwNTZiNDJi
0BxW61uJyyN8TYTYwOWY2MTgtMDFiZC00YzczLWE5ZGYtNzJjNTEwYmZhZmIy
0BxW61uJyyN8TN2NmNWU4MDAtNjM0My00YTkyLWIwY2QtNDU5NGRiYzYxMmI2
0BxW61uJyyN8TNjc2YmJiMTMtNzRiYi00NmM4LWEwMDUtZmQwNmU1NjU0MTgw
0BxW61uJyyN8TNTMwZjg3M2ItOWY5OS00MjI0LTk1NmQtOTVjODNmMzlhM2Q1
0BxW61uJyyN8TMjM4NDcyY2UtYWQzNi00MzZlLTkwM2UtNjY4MzA1OTNjM2Rm
0BxW61uJyyN8TZDA5N2M1MTctNTdlNC00Y2Y0LTgzNTYtYWI2N2ZmOTBlN2Iz
0BxW61uJyyN8TYTY3YjM5ZWQtOWZmYy00MzcwLWFiNjYtNjFhMzM0NjBkMTlm
0BxW61uJyyN8TOGE2Yzk4ODQtNjdhYS00N2MyLTg2NjQtMGE3NGM1ZDhiZDAx
0BxW61uJyyN8TMTBkOWUwY2YtOWQwMS00ZmU3LWIyN2UtMzA2OGEwNzljM2Ni
0BxW61uJyyN8TYTkwMGFkYjQtNDIzMS00YWZmLTg0ZTktYmJiYjg5ZjAxZmU0
0BxW61uJyyN8TMjNlYTFhMzUtNDIzOC00N2NlLWExOGItNDVlNTcyMzAyMjY1
0BxW61uJyyN8TZTU5Yjg1NjQtOWU5OC00MmE3LTk4NGYtNjk1MGMyMTUzNjkw
0BxW61uJyyN8TNzI2ZTBlNWQtN2MwYy00NDg5LWE1NzQtYzRhMWRkOTk2MWQ3
0BxW61uJyyN8TNDI1YzIxMDUtZWE3NC00MDVhLThlNjMtOTU2MWE1NDgzMzQ1
0BxW61uJyyN8TNDhhMzVlMzItNDdmOC00MjJiLWJmYzMtYTFlNmU0OGMyZjc1
0BxW61uJyyN8TZjM5NTQ2MTYtYWExZS00YjU1LWExZDQtOTQ1Yjg4NzZiMWMz
0BxW61uJyyN8TZDEzZGY0NTAtZjBiNi00OTJhLTljOTAtNDUxNjdiZDIyZmFj
0BxW61uJyyN8TYmY5Y2ZmMjAtNjQwNy00NGZjLWJjOGQtNTEzODczNjdjMDUz
0BxW61uJyyN8TN2Y2YTY4YmMtOWY2My00Y2NkLWI3ZmUtZDIzZDJkYjk5NWE2
0BxW61uJyyN8TYzdmZWI2MDUtMTQwMC00NTRhLWFlYjgtMWQzYTQ2NGQ1NjJj
0BxW61uJyyN8TNGM1MjFiZDQtNjBkYy00ZDI2LWEzNjQtZTM0MmY1N2FhZDRh
0BxW61uJyyN8TMGIxMWQ2Y2ItODNlZS00ZGFlLTljNTUtNjYyNzdmOGU2NTQy
0BxW61uJyyN8TZDAzNWVlMWYtZmRhMS00MzM3LWI3ZDMtZjEzNjFlYTFkZDFh
0BxW61uJyyN8TZjg3YzYyNjMtYWYyYS00YmZjLTkwNDUtMDNkOTViNGM2MzY4
0BxW61uJyyN8TYThhYjdjMGEtYWMyMS00ZjBiLWI3YzktOWYxZDAxNGVkZGRh
0BxW61uJyyN8TN2Q0OTc0NjktMzdlOC00M2I4LThiZTAtN2I1MWIzNWMzNTA0
0BxW61uJyyN8TMzBjYThhZTUtMzhkNC00NDhhLTllNmEtYjQzMDk2OTAzNzQy
0BxW61uJyyN8TYjMyNzA4MzktZDMwOS00MjkwLTkyZGItZWQyOWE5MTc0ZmUx
0BxW61uJyyN8TZjI1MzlkNTAtNTBmMS00NTU2LWE0M2EtNGZiMjE3MzhmMmY4
0BxW61uJyyN8TOWM4ODM2NzQtZmJiOS00NDIyLWEwMWQtMzQyNzg0ZTMyYTgw
0BxW61uJyyN8TODJjYjc4MTYtYTI3ZC00OGM2LTg1MmMtNjNhOWIxMWEzMWUw
0BxW61uJyyN8TNTlkZjMxMjAtYTczMS00MGJmLTg5NTktYWJmZjcyZjEyZTA5
0BxW61uJyyN8TbE1fRTFOaGEzUFU
0BxW61uJyyN8TOTY3SmhFT0cxOHc
0BxW61uJyyN8TVl9vWjI4dWpJM2c
0BxW61uJyyN8Ta3ZhTEkzb0RDNEU
0BxW61uJyyN8TdTlXMnJqVDdYcXM
0BxW61uJyyN8TelNUT1lvUHJQWUE
0BxW61uJyyN8TU1EyMEJKTmJwT2c
0BxW61uJyyN8TQWpxWm1Eck9JeTg
0BxW61uJyyN8TZTkyNDAyZTAtMDVhMi00MGNjLTkwMTYtOTYyMTA3YmI2ODQ3
0BxW61uJyyN8TRGJLQmFST2UzVE0
0BxW61uJyyN8TOTc1NDM4YmItMGE0ZS00NmM5LTk4OWItMzkyMjA0ODkyOTFk
0BxW61uJyyN8TODQ3YWIxMzEtY2JjZC00NGMwLWJjNmEtNGI2Zjc2ZWUyY2Qx
0BxW61uJyyN8TN2QyYzU0NzItYmJkNS00YmNiLWJiNmMtZjBkZmU1ODdlNTQz
0BxW61uJyyN8TNDZkYjNjMmQtNzgxZS00N2Q0LThkNWYtZmJjN2EwZmVmNGNl
0BxW61uJyyN8TMmExNzhiOWUtNjEwOS00MTI2LTk0MmMtNzAxMGFlMGRiZjk4
0BxW61uJyyN8TMDRkMmYzMmQtYjkxNS00NDEzLWI5ZmMtMGEwM2ZhNDEyMmNh
0BxW61uJyyN8TVXJjZXFqWGJCWlE
0BxW61uJyyN8TVDUxcWpzTEg2eFU
0BxW61uJyyN8TUEJSS09LUmRlb2M
0BxW61uJyyN8TSGRKQ2p2ZzJtODg
0BxW61uJyyN8TZ0xPNlhUU1hIQnM
0BxW61uJyyN8Ta3I2X2ZQbFRwOTg
0BxW61uJyyN8TSnFmbDg5RUYxX2s
0BxW61uJyyN8TYmJhNDA1NWMtOTVmZS00MWUyLWIwMjItODQzY2IyYTQ0YmFh
0BxW61uJyyN8TZWQ2NTBiYWItYTM0Zi00Y2JlLWE3NDYtOWM5MTgyMjhmNWFk
0BxW61uJyyN8TNDUwNzdlNDctYzM5My00NDE2LTgxMDQtZTgzYmI0ZDJkMDQ0
0BxW61uJyyN8TNDMyMWYxZGEtMGYxZC00MmRhLTkyZmUtNmRhNzdjZDEyNTEx
0BxW61uJyyN8TMTZlZDY3NmItOTMwZC00MGUyLWJlMmUtNDkzNGFlYTFiZDJk
0BxW61uJyyN8TZmNhOTMyNmYtNmY4Yi00ZWIxLTk2OTctMDc5ZGFkNDMxOTk3
0BxW61uJyyN8TTG5LNUhOV0lNYlU
0BxW61uJyyN8TOXNRdDlKRGFyNXc
0BxW61uJyyN8TNzYyODg2ODctYzk2OS00YTc3LWFlNGItYTA0YzhiOGM1NTk3
0BxW61uJyyN8TNldBMGlpS19UQUk
0BxW61uJyyN8TTzNwMTZGWDlHYlk
0BxW61uJyyN8TSDQ0c3haa3hCTjQ
0BxW61uJyyN8TZTViZmRmMmQtZTQ5Ni00ODVmLWI0YzctOGI0MzJlOGNiNmZm
0BxW61uJyyN8TZDkxNTY4ZDktZjJkNS00OWZkLWIxZmUtOTljMjY4NGM0MjEx
0BxW61uJyyN8TZDc4YTk2ZTEtZWQ3NS00YzE5LThjYWUtMzczZmQ5Y2EwYzMy
0BxW61uJyyN8TZDQ1MGQ2MWUtMWRjYS00NzNkLTk4YjAtMmFjNGM4NmIyZTk4
0BxW61uJyyN8TYzZiMDk0YTgtZWIzMy00M2MzLWI4MzMtNDUxZDc5NjkyNmI2
0BxW61uJyyN8TYjA1MWMyMzMtZTdkNi00ZDAyLWJkZWUtMWRjNzY5YTFmYmYz
0BxW61uJyyN8TOTFlNjk0MGMtZjU1Ny00ODQ0LTg3ZjMtNTFlMTY3MzQ1OTYz
0BxW61uJyyN8TODA5YWNkMWYtMTJjOC00MjgyLWFhOWMtMTA0NzNkYzM4ZTk0
0BxW61uJyyN8TNmQ0ZDc2ZjgtZmYzMC00OGU4LTlkMTgtZmUxMDhjNThlNTBh
0BxW61uJyyN8TNjZiYzBkNjktNjAyZi00MTNiLWJjZGQtNmYxYjA1MzU5N2Nh
0BxW61uJyyN8TNjBiY2E0MzEtN2NjMi00N2Y3LThiNTktY2RjOTgyNDdhNGY0
0BxW61uJyyN8TNWI5MmJhY2MtMDkxMi00ZGVjLWFiZGYtOTkzOTQxZjBhMTVk
0BxW61uJyyN8TNGM2NmFmMjUtMTRmYy00M2M0LTgzY2QtYzViNjg4MmZkMGVl
0BxW61uJyyN8TNGEwZDc2MzUtZGViNS00OGQ0LTgwMmMtZWI5Y2M5MmQ1NmVh
0BxW61uJyyN8TM2M5N2I3MDUtNDYyNC00OGRlLWI5NzUtMmE2NmI5OGUxNWVj
0BxW61uJyyN8TM2I1YzY5NTktN2RhNS00OTZjLWJkZDItNTAxNDYzYzdjNGNm
0BxW61uJyyN8TMGNlNjkwODYtY2E2MC00ZDExLTk3Y2QtMzAwMDhiOTFhM2Y4
0BxW61uJyyN8TMDU5Mzc5NzktNDRmYy00NDQ2LTk1OGQtOTQyMzQyZDMxMDEx
0BxW61uJyyN8TMDU2NmRlMjktNGU3YS00N2MzLTk3OWUtMGZiMjEwMGYzNzQw
0BxW61uJyyN8TX0hxYkxzVnpOd0U
0BxW61uJyyN8TWWlHajVob29IbTg
0BxW61uJyyN8TdUpEU196UlNBVHc
0BxW61uJyyN8Tc21vaTFvLWxwZms
0BxW61uJyyN8TbmdncUtjT3Vlc3c
0BxW61uJyyN8TZlVTc1RDUXBaQkE
0BxW61uJyyN8TZGN5aXZ2S0Q5WGc
0BxW61uJyyN8TWkhHSm9LMjRaRFU
0BxW61uJyyN8TTEdZdTNRc253Q2c
0BxW61uJyyN8TQmliMGpmbFh4Ym8
0BxW61uJyyN8TN0ttM21BOHlPc00
0BxW61uJyyN8TQk9QajVCNWZ3Q00
0BxW61uJyyN8TMHZxLW5EeEpPTFU
0BxW61uJyyN8TUXpGTTdqLVYxYUk
0BxW61uJyyN8TaFg3Q3FSWWNCMDg
0BxW61uJyyN8TMnZsMmphZ3VnMUk
0BxW61uJyyN8TMlJVa0FvZEpGVVk
0BxW61uJyyN8TeFlZODk5STBUbkk
0BxW61uJyyN8Tdk5QNVBzb2l1Y3M
0BxW61uJyyN8TdC1wcko0aTFuTW8
0BxW61uJyyN8TMXhkZm82ODNIRTA
0BxW61uJyyN8TZ3MwTzdjQW1UVGlBckhpdkdfWWdMUQ
0BxW61uJyyN8TVExLOTB3allRN08zSnQ4a043QkxGQQ
0BxW61uJyyN8TN0pMMDUxaTVEcEE
0BxW61uJyyN8TdGVqTWVSZU9KLW8
0BxW61uJyyN8TR2M5N1NRTzEySkk
0BxW61uJyyN8Tb1I5NVR1RG1MVVk
0BxW61uJyyN8TM1diMFdBVVFpTW8
0BxW61uJyyN8TQzRyLVdiTTNXclU
0BxW61uJyyN8TeUhPSGNzVnI5Z0E
0BxW61uJyyN8TQnZGQUduaGZqUWM
0BxW61uJyyN8TdnVYcjlWVFpVd00
0BxW61uJyyN8TOEJCczVybzN5c00
0BxW61uJyyN8TZ1JxeFE0dnZpRzA
0BxW61uJyyN8TdVdjd2lIeEtDQ0E
0BxW61uJyyN8TSlhmd2JmV1VFZEU
0BxW61uJyyN8TZmYyODA4ZjQtOThlMS00MGRkLThjOGEtNWUzMzI5OWQwYjll
0BxW61uJyyN8TZTc0YjViZTAtY2M1OC00ZDdiLTkzZTktMTkyYzgxN2M2NDUx
0BxW61uJyyN8TZDM2NTQzZWYtZmQxNi00ODhlLWJkZjAtM2RkMDQ4ODEwODVl
0BxW61uJyyN8TY2VmZGQzNDQtNmViMC00MTFjLTg2MDItYzg2ZDFkMGRjMjZj
0BxW61uJyyN8TY2NkZDQ3YjYtYzdlNi00N2Q1LTk4OWEtYzY4N2NmYjMzOWQw
0BxW61uJyyN8TYWQxNWQ0YjMtOTUxOS00ZWY3LWFiOGEtOTY1NTE0OTFlMWYy
0BxW61uJyyN8TOTg0OTI3NmEtOGY5ZC00Y2ZkLWEyNjAtZjk0NGI4YjIxMjU2
0BxW61uJyyN8TOTA5YjIyM2EtZTMxMC00MzEzLWEwN2YtZGE3ODIyNTgyYmI4
0BxW61uJyyN8TODFkNzk0NGMtYzY0MS00YjJmLWJjOGQtZmJkMjE2YTQ5NTUz
0BxW61uJyyN8TODE1YmEyY2UtYTI2Yi00NWVhLWEzYWEtMjEzZWRlNmE5MjAx
0BxW61uJyyN8TODBhNDg3YjAtODU3OC00YTFkLWJlNjMtMWQ2YWIxZTJkYjk4
0BxW61uJyyN8TNTFkMTNkYjgtMDE4NC00MDE2LWE2M2QtMDhmZjg1ZTNmODQ0
0BxW61uJyyN8TMmYzM2QxMDMtYTRiOC00ZjM5LWJmZWUtOTQxZTk2OGZlNjkx
0BxW61uJyyN8TMjY5MWNhMzEtM2EyYS00ZmFiLWI1NTUtOGFjZDJjMGU1ZTFh
0BxW61uJyyN8TMjBjMWU5YTMtMzc2YS00NjJlLThlYTMtYWJhNDdlZDNmNDRh
0BxW61uJyyN8TMTRkODVkNGMtN2Q1Mi00YWRiLWEwYjgtYWY2NjU1ZGY1OGM1
0BxW61uJyyN8TMDlmZDIyMjEtN2Q4Mi00Y2I0LWI1NmYtYzc1MGVmZDdmMjRj
0BxW61uJyyN8TMDdhNzYwN2UtMjBkMS00MTcwLWE3N2QtNmIwM2U0YmVmNTU5
0BxW61uJyyN8TMDRiNDExZTQtOGYzYS00ZGEzLWFmMGUtZjM1Zjc0ODg0YWMx
0BxW61uJyyN8TODE1NjdkMjAtMDUxMy00ZDdiLTlmY2MtZDgzNDc2MmMxMGVm
0BxW61uJyyN8TOWQ1M2ViNGEtYjY1YS00MWNiLThiYmUtODAwZGYzYjcyN2Ji
0BxW61uJyyN8TNm1NT040dzZERU0
0BxW61uJyyN8TekpLbTBrS1d1Tzg
0BxW61uJyyN8TOS10Z1lPeTIzdmM
0BxW61uJyyN8TUU15TWF0OGNaWVk
0BxW61uJyyN8TZmM4MjVjMTUtZGExZS00MGZhLWFmNmMtMmJhZDdmNWM2YzY0
0BxW61uJyyN8TZWZlNTAyOTItMTg2ZS00NjEwLTgzNmItYzI4Y2VkMjIzODAy
0BxW61uJyyN8TY2FlYzkwODQtMTUzYi00MDhmLTljYTktYzFjODIyNDU2MjY3
0BxW61uJyyN8TYzc2NWJkODItODZiNC00ZTdkLWI5ZWMtZDk4ODJiOGZkOWNm
0BxW61uJyyN8TYmE3Y2UxNWEtMDZjNy00MWQ4LWJlZWQtNTgwZjQ4OWJiYjQy
0BxW61uJyyN8TYjIzMGE5M2EtYTRmNy00YWU0LTk0MjUtNDY3Y2M1NDQ5YzIz
0BxW61uJyyN8TODM1YWFkZjktNTAwYi00ZWI4LWExZDMtMWQ0ODhkZGVhOTA1
0BxW61uJyyN8TODMwNTgxNTEtMzMzNy00MWRiLWI3NjYtZjFmN2M0MWZhOGVk
0BxW61uJyyN8TNzkzYzkyZTQtZmI0OS00ZmNjLTgwM2EtNTJjNTAwMzZkNmI1
0BxW61uJyyN8TNWRiMTY3MzktOWU3ZS00NWY5LTg5YWQtZGI3ZDAyZTMwOWQy
0BxW61uJyyN8TNThiYmIzNjgtYjQzNi00NGFhLThmOTktYmE2MjE0NGZkODRh
0BxW61uJyyN8TNGI4MDBhZmUtZjUyNS00MGU5LTg5ZTMtNDdmZGY3MzdlMmJi
0BxW61uJyyN8TNGFjMTQyZWEtOWVlZi00ZTJhLWE4YmQtZGY5YjJkY2E1NTM5
0BxW61uJyyN8TMjhjY2MwNjAtZjEwNy00NTY4LWIxM2YtOTAxNmRhMDFjMmIx
0BxW61uJyyN8TMTdhOGRlYWMtNDZkNy00ZWY0LWI2MWYtOWNmNTcxMjFhNTRk
0BxW61uJyyN8TMTJjYmQ4NDItMzlhNC00ZDEzLTlhYmItMzM5ZjRmNGQ3OTk3
0BxW61uJyyN8TMDYyZTk5NDItMDVjZi00MzdmLTljNzQtOTA0YWQ5ZTcwYTZh
0BxW61uJyyN8TMDRlZWM3NjktMDc0My00NDRiLWJmMTYtZWRhODE3ZWUwNDRj
0BxW61uJyyN8TcWE4UzhxLTF2cE0
0BxW61uJyyN8TUkxpaUVpZGlaU00
0BxW61uJyyN8TMTNtMWhJZDNCeVE
0BxW61uJyyN8TWmNPNjBIa1hWTWc
0BxW61uJyyN8TT1c5ei1paW5NWTg
0BxW61uJyyN8TU1ZXMUlqcXFBSXM
0BxW61uJyyN8TZjZkY2RiMjQtYTFhYy00MzRmLTliYzYtZDJmM2ZiY2EzY2Rl
0BxW61uJyyN8TZGQ5MTFjYjEtZDc0ZS00Y2Y1LTlhMTUtOGU1Y2E1ZTkyNGE3
0BxW61uJyyN8TZGEzODhmYzgtMWU4MS00OTM3LTk2NTAtNWM5MGRlODEzNjRk
0BxW61uJyyN8TY2NlNWI1OWQtMjJmOS00N2RkLTk5NGItYzFmMTg1MzRlYjJi
0BxW61uJyyN8TYmMxMTQ5NmYtYTdjMi00YWVkLTkwYmItZDNhNGUzNGM4OTJj
0BxW61uJyyN8TYWU2YTgzMTMtNzhiMy00MjQ0LTg0ODktNjI2ZTU0NWE2NGZh
0BxW61uJyyN8TODZhNDE0MzItZmZkMS00MzhjLWI4ZWUtOTEzODE3YmE3N2Ni
0BxW61uJyyN8TN2UzNjA5ZGQtYTkwNC00ZWM2LWFjODItZjBlNDI0ZTI4MGE0
0BxW61uJyyN8TNzgyYWExZGEtOTZkNy00OGE2LTgzMmQtZTYyY2Q2OTRmOGNm
0BxW61uJyyN8TNzM2OWRjM2EtNGUwMC00YWIyLWEwZTctY2VmOWU1OTc3ODIx
0BxW61uJyyN8TNzBmMzg0ZWUtNDhlNC00Y2U3LTgyMDQtYjFhYTViNGIzZTA2
0BxW61uJyyN8TNjlkZWU5OGQtZTE4Zi00OTEyLTgxOTAtMzljMzE2M2ViOWRj
0BxW61uJyyN8TNjY3YWZjY2UtMmRlOS00ZWMwLWJjNzgtMDU5ZWZhMGVhYmE2
0BxW61uJyyN8TNjU4NzVkNDAtMGI1OS00ZmIxLTg3OWEtNDI3ZTAzMjAzYjMw
0BxW61uJyyN8TNTUzNTljZTgtMGFmMC00ZjNkLWJiMWMtNDk4YTI5ZWY4YzM0
0BxW61uJyyN8TNTBjYjliNDctMGM5Mi00OTI1LWE3Y2QtNjQ5N2M5NGRjYTc3
0BxW61uJyyN8TM2Q0MmY2ZjAtYTg1MC00Nzc2LTliZTYtOWExMmQ4NzZhNWQ4
0BxW61uJyyN8TM2JiOGE2MTMtZWI3Zi00ZjBiLTg2NzgtYTIxMzQwYzczY2Q4
0BxW61uJyyN8TMzA1Y2NhMjYtMzlhNy00ZjMyLWE0NTYtNTQ1ZTA2MjA2OGY1
0BxW61uJyyN8TMmYyZDg1NDYtYWMxYy00OTRlLWEyYTctNzYxZTlkMjRhM2I5
0BxW61uJyyN8TMmRiZmI3ZWQtNjhlNC00ZjJmLWEzMjktN2FhODhjYWJjOTJh
0BxW61uJyyN8TMWU5ZjczODItNjI3Ny00OTFiLWJmNzctYTQxNGRhMzhhZTJi
0BxW61uJyyN8TMTNkODRkYjAtYTg4MS00NDBhLWJjMTAtZTFmODMzYmZmMzFi
0BxW61uJyyN8TMTI4NmVmYjgtZDE0Ni00YjU4LWJiMDgtMjhjYmZkMWU3NTgx
0BxW61uJyyN8TNjQyMzgxM2ItYmVhZS00MzY1LThhZTgtYzZjZGMwZjM3OTI4
0BxW61uJyyN8TZTI2NDg1YzItYjZjYy00ZGVjLThkZWItZDk3MTU1YzViMjAz
0BxW61uJyyN8TOGNmZWVhMWMtZjM3Yy00MzFmLTk5MTYtYTVhNjJjYTM4M2Qz
0BxW61uJyyN8TNWFmYTVhMzctNjE0ZS00YmUzLTk0ZjYtYzk2MjUxZjYxYWZl
0BxW61uJyyN8TMjFlMDRiMDEtODcwNC00MzcyLWIwYWYtZmU2ZmY5YjBkNjYx
0BxW61uJyyN8TMGI0NzhlOGEtZmZhOC00YzJkLThhNTQtNzU1YjBiN2NkMTky
0BxW61uJyyN8TdlRvbnNDSnRobVE
0BxW61uJyyN8TZmU5YWM0N2UtZDFiZi00NzFmLWI4OWMtNGVjYzBlN2NjZjg3
0BxW61uJyyN8TZGI3NWZjNjktNzc4Yy00MDAyLWJkMTAtM2RiZmU4Y2U2M2Rl
0BxW61uJyyN8TYTVmNmMwOGItMGU1Ny00ZTFmLWE1YWQtZDhmNWEyMmI3OTg4
0BxW61uJyyN8TYTJlMGMyZDktODAzMy00N2NlLWFlN2ItNmY5ZTgyMmRkY2Q2
0BxW61uJyyN8TOWUwN2E3MjktN2ZhZS00YzgzLTkyOTktMzA4OTFkNDVhOTJm
0BxW61uJyyN8TOWRlOTA0MDMtM2MxMC00YjcwLWIxZWUtZDU4N2Q2NjFlZWU3
0BxW61uJyyN8TNzBkMGEyZGMtZmU4NS00YmVkLTg2N2ItMjY4OTYxYWJhOGUy
0BxW61uJyyN8TNmFiZDk3MGYtNDUwZS00ZTI0LWIyNmUtNjU2ZmNkZDk2MTI4
0BxW61uJyyN8TNTc0MDhiZjItMmI2MS00NDJlLTk2NDItYmUzOWE0ZWZjNTQ2
0BxW61uJyyN8TNDE0OTAyMDYtM2I1Ni00ZWE1LTg5ODItZjQ3N2EzYTUwOTQ4
0BxW61uJyyN8TM2JmYmM3OGEtNjdhMC00MjJjLThkMDAtZmNiMTIyZDkzMDRl
0BxW61uJyyN8TMzc1ZTI0YmUtMjQzNS00MDJmLWI2ZjUtMTU4MzZhZDk2NDRm
0BxW61uJyyN8TMTIzZjZlOTAtMDRjYy00NmIwLWIzYTQtODViOGE0YTE4YjZi
0BxW61uJyyN8TMDlmMmM4ODctNjY5NC00NjA3LTgwZjgtMzQzODg3YmU5ZGRl
0BxW61uJyyN8TNHdQTHBtd3JsaWM
0BxW61uJyyN8TdEJlYktGOXZsTFU
0BxW61uJyyN8TeWpQOW00XzN1ZU0
0BxW61uJyyN8TYkJMYzNjRURObDA
0BxW61uJyyN8TQnZ0dXg5WWUwWlk
0BxW61uJyyN8TQnJUSEstUEs2c3M
0BxW61uJyyN8TVVZGWmZkYTJ1SkE
0BxW61uJyyN8TTXBJLUMwX1BTSlU
0BxW61uJyyN8TcjdGcWdPSk9MS3c
0BxW61uJyyN8TSFJWc25wNXgyUzA
0BxW61uJyyN8TRFNxOW41WWROWVE
0BxW61uJyyN8TWHJpWnZha0dabjA
0BxW61uJyyN8TT2IzazdoenpCVUU
0BxW61uJyyN8TS2tIWGpkNUhDNms
0BxW61uJyyN8TSk83N3k2NmtLYjQ
0BxW61uJyyN8TQWJSOWh4WHlnWTA
0BxW61uJyyN8TdjBuVWJRRS1GWGs
0BxW61uJyyN8TUGpkUWxCeXBqUlE
0BxW61uJyyN8TMDUxUFlQU0lld1k
0BxW61uJyyN8TdXZpQnV4cS1BOEk
0BxW61uJyyN8TaUE4b2VRS3hXSzg
0BxW61uJyyN8TZFlpVnBLOHd2aVk
0BxW61uJyyN8TTjY5WFFWVGFTRmEtUFYyWjViM0xqZw
0BxW61uJyyN8TOTZHUzAxaFFRVW0zdjQ4WmkzRjR6dw
0BxW61uJyyN8TcTQwWXVYWjRuMUE
0BxW61uJyyN8TS0VVczdIS0VIWEk
0BxW61uJyyN8TNE1vRC12OTBUWTQ
0BxW61uJyyN8TZTB0UEptbEl0V0E
0BxW61uJyyN8TSTdvTmZPbHRHZDQ
0BxW61uJyyN8TRUhTbE94c3V0SGc
0BxW61uJyyN8TZjFwWEtaUUJ0clU
0BxW61uJyyN8TQnNmR0JVNENIV2c
0BxW61uJyyN8Takt6M1FSei1RSU0
0BxW61uJyyN8TbjA4bUQwbU5qVkU
0BxW61uJyyN8Ta3pRdFJwTjNBWWc
0BxW61uJyyN8TM0dxUWh2MlhfOVU
0BxW61uJyyN8TOUFGZWE5enlFSTg
0BxW61uJyyN8TM25PSXNXcEYyQVE
0BxW61uJyyN8TTEhhZDV5ODg5eWs
0BxW61uJyyN8TOG1YcTBVRkZPeVU
0BxW61uJyyN8TdmJhRG9sYWFqX3c
0BxW61uJyyN8TRHgyNVdUb3Utakk
0BxW61uJyyN8TdmhSY1RzWkp6UkE
0BxW61uJyyN8TbTU1VU9yMEJjT1E
0BxW61uJyyN8TdVRVRXJSdU9fSm8
0BxW61uJyyN8TUkVPUlhwcTVaMnc
0BxW61uJyyN8TQTNpMVpvUl8tUzg
0BxW61uJyyN8TaXY3NkpnQmplXzQ
0BxW61uJyyN8TQm55RExFaHdFcEk
0BxW61uJyyN8TNUJTb29ZbmZOc2c
0BxW61uJyyN8Ta3Rmd1FsSHdmcXM
0BxW61uJyyN8TeU5SZmEyc05FN0E
0BxW61uJyyN8TQTZsRTRiUkFWOXM
0BxW61uJyyN8Tb3Vyb3ViTjh1Xzg
0BxW61uJyyN8TdW9nUU5kbkVRYjg
0BxW61uJyyN8TWmNwMVVhYU1ibGs
0BxW61uJyyN8TTWc3bjNodWZNUjg
0BxW61uJyyN8TbGMtX0tqSDVGaVk
0BxW61uJyyN8TV0FEYkVWc3NrMXM
0BxW61uJyyN8TTVRyMy1mMTJJeTA
0BxW61uJyyN8TV0J2TXRaZHJUYi1MVTV1ZTJTWVBmZw
0BxW61uJyyN8TMnZ4Q0pzcUVSYkc2OFJWVXZMaW1SQQ
0BxW61uJyyN8TdUd6SlRyUzFRdk9YbjBnNmJxU2k4UQ
0BxW61uJyyN8TeWt4ZHNMbDJTWHlUdWdWeVlmSHRkdw
0BxW61uJyyN8TY05KdXJkdVVTRy1zMVQ2NzRROUtzUQ
0BxW61uJyyN8TMkJlMy1vaHhnT2M
0BxW61uJyyN8TYjQ3ZDdiMWQtOGRmMS00OTQ3LWIzNDctZmI4MTk0ZTE0YzU3
0BxW61uJyyN8TM2M5ZjMxZDEtZjFkNS00ODFiLWE5ZjMtNDU5NjIxZGZlNjc4
0BxW61uJyyN8Ta1hmdFpWbVhjalU
0BxW61uJyyN8TZTMxYmIyZTctZWNmNi00MGQ5LWI5OGUtNTcwZjUxOWU4MWU0
0BxW61uJyyN8TYWFmNzMwMGYtYjMzMy00YjNiLWJmYmMtZTAzNmEzNDYyYjZj
0BxW61uJyyN8TOTFlZGVmYjktOWUyYi00YjJiLWJmY2MtN2Q1Mzc3MDVlOWU4
0BxW61uJyyN8TNjY2ZmQ0MzYtNzVkYi00NjQwLTgzNTUtODc1MGQ4ZmFkYzk0
0BxW61uJyyN8TMzlhOTBiNTEtNDY4ZS00MzIxLTk3NmMtYjA3MTViN2YzOTA5
0BxW61uJyyN8TNTc3NDM3NmUtZDU2Mi00MDZlLTk4MWQtOWVmYWRjZTczNGMw
0BxW61uJyyN8TNWY5NDI3OGEtMDM3MS00YzI5LTgxZTItMjI0NTY3MDg4NWZj
0BxW61uJyyN8TMGI0Mzk3OTgtNGFjMC00YTM2LWE3MWItMGYzOGFlMmRhYTJk
0BxW61uJyyN8TNWQxZDMxOTEtNzQ2YS00MzBkLTk5NGQtZmM2ZDRlY2Y4ZTky
0BxW61uJyyN8TZmMxZWFhNmQtNzQ5MC00N2UyLWFmMmUtNjdhZDA3ZDM0MjJj
0BxW61uJyyN8TMjljYTViNzgtOGQ4MS00OWU4LWFjZTItNTk0NmM2NGJlOGJm
0BxW61uJyyN8TZjY2YmMwZDYtODQ5YS00NmUzLWJkNGMtOTRiYzQ0MmRlZTlh
0BxW61uJyyN8TZThlOWU0MTQtZWFmOC00YjY0LTg5ZjAtNGY3ODE3NjFjODA1
0BxW61uJyyN8TVUZtdGJ5eFZwbTg
0BxW61uJyyN8TdXJmSnF4X0MzOXM
0BxW61uJyyN8TaW5tdEp3c3Z6RHc
0BxW61uJyyN8TRjBOTXdESElIMk0
0BxW61uJyyN8TVHZTY2NnRzFsTWc
0BxW61uJyyN8Td0k3aTk2Q0xva00
0BxW61uJyyN8Tb1dBS3hkWXJpdVE
0BxW61uJyyN8TQWsxTmhFTTY4aVU
0BxW61uJyyN8TUy1aX0ZoVDNrRG8
0BxW61uJyyN8TQmpNRHhnZ3NyQ2s
0BxW61uJyyN8TRFJuRHIxemoxSEE
0BxW61uJyyN8TaDNsQmI3d29qX2c
0BxW61uJyyN8TMGJ4aDFmMmhwaVk
0BxW61uJyyN8TRkxJRWN5ZXpNRkU
0BxW61uJyyN8TelRiZjB2d3g3eU0
0BxW61uJyyN8TR25DaDBmQmwtX2M
0BxW61uJyyN8TS0RrZVo0X2FlWWc
0BxW61uJyyN8TVnZFZHNEaTM0LWs
0BxW61uJyyN8TUE11SmFMUHdfTEk
0BxW61uJyyN8TMDFlRTFnRHBYOTA
0BxW61uJyyN8TVWwxM2g2MmtyLXc
0BxW61uJyyN8TVzBwdDM0amQ5MGM
0BxW61uJyyN8TZExyd1BtQm1EYUk
0BxW61uJyyN8TVlhGLV9sejQ2dGc
0BxW61uJyyN8TU0tsY0Nxc1ZIQ2M
0BxW61uJyyN8Tcm5FbDZVaEVuRUE
0BxW61uJyyN8TWFI5TkFFNGRYbGc
0BxW61uJyyN8TcmxOX0RKaXdBcTg
0BxW61uJyyN8Ta1NteFJCejNlV3c
0BxW61uJyyN8TUlNYV19xYmgweDg
0BxW61uJyyN8TNFJjUXhrQ0VHOUE
0BxW61uJyyN8TUWhDZEVualViYWs
0BxW61uJyyN8TRUpqaHd6WTQ1NFE
0BxW61uJyyN8TNTM3alBWY2ZCd28
0BxW61uJyyN8TMFpVeUVhd1NtRXc
0BxW61uJyyN8Tbkl1WjBULXJRQzJLQ3RiTXprOG15dw
0BxW61uJyyN8TZEdlWlhCV2pTM1diT1BCVmtoME5CZw
0BxW61uJyyN8TTUxQWXpoRW9UUUtvTU1wYkc1eEdDdw
0BxW61uJyyN8TdkVVR05wYkhSald4ZUVmeFBNRWJ4UQ
0BxW61uJyyN8TQlAtNGJZS0VTZHlPQm5iY1FSZ01FUQ
0BxW61uJyyN8TcE16NGZrWUpSYzZROHlkTEJlbXh0dw
0BxW61uJyyN8TS2N1RUdsaGhTN09MWnJlTGpqdFl2dw
0BxW61uJyyN8TMDQ4MTgxNmQtOTFmMi00YjNmLWIxNjAtZGYxMzU5NDk5YjFi
0BxW61uJyyN8TUV9pTVhxRUNJclE
0BxW61uJyyN8TVEFrcjlnSUdwcVE
0BxW61uJyyN8TcFR0Rkw0d3BvaU0
0BxW61uJyyN8TdUtEdGN2QnBGYlU
0BxW61uJyyN8TUV8xZzIwdGtWeEk
0BxW61uJyyN8TZmhPMThCN0xES2s
0BxW61uJyyN8TTndqU01ZRWNlMWs
0BxW61uJyyN8TelRaTDI5VDhmRlk
0BxW61uJyyN8TeHJIem9TMjlKcFk
0BxW61uJyyN8TY01ScmhZRmVvZkU
0BxW61uJyyN8TRVFOY29ITk9mUzg
0BxW61uJyyN8TRmk0MVRWVUpSUFE
0BxW61uJyyN8TcVJiUzVENFU2OE0
0BxW61uJyyN8TYTBWWHlITzFsWmc
0BxW61uJyyN8TcmI4azAyZWFSWUtPN25Ia25aUndYZw
0BxW61uJyyN8TYXF0WDgxMTBTZ09vRXQ4NWxacGFNQQ
0BxW61uJyyN8TYWpvcmI1YThRcUtDemJoT1dDbWRUdw
0BxW61uJyyN8TX3pmdkhNbFhRTmFndVFYOEZ3WWlrUQ
0BxW61uJyyN8TWTVQZFVaTFZRMnlIWUhEWlpTM1VfZw
0BxW61uJyyN8TWHBDMFdTaktRVTZNaThDRHhBbVNIUQ
0BxW61uJyyN8TU0RyQjRIT0lUSkM1ejI5VG5kQTQwUQ
0BxW61uJyyN8TN3dJS3ZSdGVRRzJ3V0ppTFl4akx3QQ
0BxW61uJyyN8TN0U1ckxwaGVSRTJtVW9vaVIwOG1sdw
0BxW61uJyyN8TLW1jS213ZlRSLTJYbXU4TjIyVXBsUQ
0BxW61uJyyN8TeFBiMFh5UHRpNkE
0BxW61uJyyN8TdnJhVU9wM1FTNU0
0BxW61uJyyN8TcEJ2RmVQamZiOWs
0BxW61uJyyN8Ta2RnWkJwUllTMDZEaVQ5ODB1WDhmQQ
0BxW61uJyyN8TZmVlZThkOWItMzllZS00YmNkLTk4ZTQtMDVlNDMwOWVhMTE4
0BxW61uJyyN8TZTAyMDMxMjMtOTUyOS00NzRlLWFiYzktMmI2YmY5ZTAzZjVk
0BxW61uJyyN8TYzQzZjQ1N2MtNzA5MC00YWNhLTk0MTgtNTZjZmQ0ZjM0ZjJm
0BxW61uJyyN8TYjJwV0xHZElEVzg
0BxW61uJyyN8TSXMzYmNSYUtUdEtGMV83YUtwZVVPQQ
0BxW61uJyyN8TR1ZtRHdTQzlGaGM
0BxW61uJyyN8TODliNWE3MTctZmVjZC00MWQzLWFjMTMtMzdmZDkxODlkNzBi
0BxW61uJyyN8TNGNlNzEyN2YtNGU5NS00YzhhLWI3OTUtZjM4YzI2NTk0Yjlj
0BxW61uJyyN8TMmUwMmJjZGEtOTI0YS00ZGRmLWEyN2EtMWU3NzEwNzFhNTBl
0BxW61uJyyN8TODB4aHpRRUJfVFk
0BxW61uJyyN8TY2tHeHMtMzhQdTg
0BxW61uJyyN8TZDc0MzQ5M2EtYmEzNC00MjE0LWJjY2YtZjVjM2U4YThjYzRi
0BxW61uJyyN8TOU5VUWx1ZjlOVkU
0BxW61uJyyN8TOEtRcEdUMnB1Nms
0BxW61uJyyN8TTGxtOVc5aTRqbVk
0BxW61uJyyN8TWU9pZ1Q1cWRpZzg
0BxW61uJyyN8TeVdBZ3REcG0ySEE
0BxW61uJyyN8TcUR6TVpIT3lhNFU
0BxW61uJyyN8TbXRxemFjX25Namc
0BxW61uJyyN8TbXJhckUyZTY5U3M
0BxW61uJyyN8TVHE2R0tPU3JwQzg
0BxW61uJyyN8TeG9CUG5zTDdTZnFzQnR6TU5tZzhmZw
0BxW61uJyyN8Tc1ZPWVBSejVsblE
0BxW61uJyyN8TbjBvUHdpTkdMd0E
0BxW61uJyyN8TYmM5ZmNlYmQtYmFkOC00MjlmLTgzNjMtMTE1NGU5OTE5NzIx
0BxW61uJyyN8TUWtRd1ZleFFJQmc
0BxW61uJyyN8TNnNsWEs2bE1oQVk
0BxW61uJyyN8TNGU5NTEwNDAtMTlhZC00MWRlLTkxMjEtYzdmZmQ2MWNkYjJl
0BxW61uJyyN8TMzZkZTIyZGYtYjdjNi00Yjk4LWFlYWMtMTJkOTU4MDVlYTEy
0BxW61uJyyN8TMTFmZmI1NDctMzgxZS00ZTliLTljZmQtNGYxNjMyOTg4MmNk
0BxW61uJyyN8Tc3FNX1c4andUNEdIa2NHUHJhcnY1UQ
0BxW61uJyyN8TNWhRZFA3QzNXNVU
0BxW61uJyyN8Tdi1XMGprWi1fOFU
0BxW61uJyyN8TSmI2WG5wM2UtOVU
0BxW61uJyyN8TeWhFR0p5dGdRNS15b0NrWThBTHpnQQ
0BxW61uJyyN8TdUg4dFB5aGtQUDQ
0BxW61uJyyN8TdURTVlFEekpTLUE
0BxW61uJyyN8TdEw0d3BPNzE1Qlk
0BxW61uJyyN8TYzdjZTBhN2UtMzIyMC00NjgwLWJjNjYtYTkzNzcwODAyZmI4
0BxW61uJyyN8TYzVlYTM0YTgtNzk2Yy00YTJmLTlhMjgtM2JlYTE1ZmMxMDQ3
0BxW61uJyyN8TYlJUZVBBZHpRSG1FMlkzRVJwcXNpUQ
0BxW61uJyyN8TYWU3NTk1Y2MtYjYxMS00Yjk1LWE4NzEtMGY3ZTc0ZTQ3MWI4
0BxW61uJyyN8TYWJHMGRNWHpXcDQ
0BxW61uJyyN8TWXBsZzVCYzZxMzg
0BxW61uJyyN8TUm5NQ014VXVQMmM
0BxW61uJyyN8TSE9JcTNwR3dqTm8
0BxW61uJyyN8TQ3psQTBVSjRlZ2M
0BxW61uJyyN8TNGQ1ODEzOWEtNzFlNy00NjA5LWIxYjAtZDRlZGNjYzI2ODQy
0BxW61uJyyN8TMmI3ZTFjNGQtZTQ2Zi00Zjg5LWE4M2EtNzRmY2IwZjEzMjM0
1qkkDFbz79vXKT5JqT2lbhR64ES9wSwtwwvSiRhAtNJM
1hcFSQYfEGeIfZW6vDoORwb_DB15tTD6hP3X-7_kIVvw
1OgixeT9_0jJ8rb7ir2SyXa5BRhEGZ1Dj9Vr8V-8Lu6c
17HuoXLjg72_jZp7_wG5TtxpOldvJn0HHJ90lVou9yvM
0BxW61uJyyN8TRjg1bkc0N1VfOW8
0BxW61uJyyN8TUlNvNFYyc1JtZE0
0BxW61uJyyN8TNGVzVEhDb0RaOHM
0BxW61uJyyN8TZzQxa0lCdlJTNHlMYjF3ZmRBS1NiUQ
0BxW61uJyyN8TRlJqS1h3SFJUSzZBaUxoWW1Za0t1QQ
0BxW61uJyyN8TWk9lMlhoSXNTQ1dwajRIZDhmdFRoQQ
0BxW61uJyyN8Ta0RzdXNiYktSWDZqbUhfb08wbVZYQQ
0BxW61uJyyN8TZFg3Y1BTdm9TYm1LaDI5a2VaeTFNdw
0BxW61uJyyN8TUkFvdlJjS2NTMHVwREtpcmYzQW8wUQ
0BxW61uJyyN8TSmg1aVYzV1FSU09MeWJMZDh6d2Zpdw
0BxW61uJyyN8TaEJhd3QyaUVSbS01XzNkSDlxaktmdw
0BxW61uJyyN8TeXdDZHNBdlRRaFdkSEs5d3c2SGg1dw
0BxW61uJyyN8TZ2V1VTJmUVhROXlOUEtZM0xFRWFZZw
0BxW61uJyyN8TTzY2a0gteU9ULXUtM2hfY2U4bG5wZw
0BxW61uJyyN8TOWhrRVpvNFBUX3k5UGVLOTlXVXl2dw
0BxW61uJyyN8TeG1pOEQzOXhUc0MtTGhUbFFHZDNHUQ
0BxW61uJyyN8TVUJDNmVIY1hSYm11TDBNc1hRc1N1dw
0BxW61uJyyN8TT0xUSjc2dnRRZm1acDEyYzdiQnJ6Zw
0BxW61uJyyN8TaXhhc1dRdjVTSFdfUzZIRERDbVhYUQ
1Qza0DtMVyFG1Vr-5FDOyezc14_rQc3ul8bCtzYqYgPo
0BxW61uJyyN8TYWY2NmM4YzQtYzBkNC00NWUxLTkyOTQtZjc2ZTU1ZmI1NjUz
0BxW61uJyyN8TOTdlNzlhMWUtMDMxMi00M2VlLTllZmMtOGI0ZTJjOWIxNzA2
0BxW61uJyyN8TMzY5MmM5MzAtMTZlZC00NGQxLWFmMDAtYzZhMjFlMmE1MzUx
0BxW61uJyyN8TMjJiYmNlMWQtZGExZC00MWI2LWJkMDUtY2NkNTYzNTgwZDg1
0BxW61uJyyN8TMGU5NzQwMzctZjRkNS00NzI2LWExNjItYjQ1NThkNTI1YWFj
0BxW61uJyyN8TZTg1YmEzYmMtN2ExZC00NzNlLWI0YmUtMTc5MGVkNWE5YzQw
0BxW61uJyyN8TMmFiMjRiZDYtZjEyNC00MDZmLTg5OTEtNjgxNGIxNzg4ZTRk
0BxW61uJyyN8TODA5NTc0OWYtMzdkNS00MTVmLWE3NzktNDdjODFkY2VjYWYz
0BxW61uJyyN8TNjQ1NmM2MGMtMWUyNS00NWRjLTk2MWItMGU3MTZjN2QyMGI1
0BxW61uJyyN8TM2NhYmM5YmQtMzQxMi00OWI5LWI3MDItZDc1NTNlNjljM2M1
0BxW61uJyyN8TYzJiNTNlZmEtMzMzZi00MjU5LWE4MWItZDA5YzU0ODA5YjYz
0BxW61uJyyN8TYmEwODY0OWItNGFlNC00NWM3LWI0ODgtZmQ5MTI1NmVjYWEy
0BxW61uJyyN8TNDY1NjMyZmUtYmIyOC00NDE2LTkyZDMtMWY2MTM5OTE0NTJj
0BxW61uJyyN8TOGFjZGI4NjItZDU3Zi00NmEyLTllYWItYjlhNTE5NzVjNmU3
0BxW61uJyyN8TMzIxZjQzZjQtNTdhZC00ZDliLTliMTAtOTg4NjFhZjdkNmFm
0BxW61uJyyN8TYzY0ZGMwNjYtYTcwMS00OGVmLTkyZjMtODM0M2EyZWM2MDVi
0BxW61uJyyN8TOWNlN2FhZDQtMmVkNC00ODJmLTkxYzQtNDhjNDNkYjQwNDZl
0BxW61uJyyN8TR1piREFfaHNCMVU
0BxW61uJyyN8TLXNjS0dWWTIzYjQ
0BxW61uJyyN8TeU1IYkppNTVhaHc
0BxW61uJyyN8TYTNkYWZhMDEtMWU4OC00NzE2LTg5MDctNDY5NGE5NWVhY2Fj
0BxW61uJyyN8TQ0FMYnFUNDBGVnM
0BxW61uJyyN8TQzJGaHo0MDVSeUk
0BxW61uJyyN8TNzUzMDAzY2ItMTY0OC00OTI1LWEyMmUtN2EzNzMzODZiOWMx
0BxW61uJyyN8TNjViYTg4NWMtODlmZS00NzQyLTgzNzYtOGNmNjgzYTBiOTE1
0BxW61uJyyN8TMmQ5MmMzM2MtMTU0NS00NWE2LThkOTItM2NlMjgxNTM3ZWQ0
0BxW61uJyyN8TMTZ3elhXd0RhWE0
0BxW61uJyyN8TMDIyMzNhYTItMGM4MC00NzkwLTlkZDItM2Y4NTBiNGM1OTQ1
0BxW61uJyyN8TM1Rlb1lpMmM4SDA
0BxW61uJyyN8TeG83VzhWSm9rVHc
0BxW61uJyyN8TeGMycjRFYW5Ra2M
0BxW61uJyyN8TdTVqLVY0ZTNRRFk
0BxW61uJyyN8Tb3B5aHhfOFY4bTA
0BxW61uJyyN8Tb2hCREFtNkdreEE
0BxW61uJyyN8TbVBFczNsT2VSWXc
0BxW61uJyyN8TZWJlYjMwMDAtMDhlNS00YzlmLThmMTQtMTQzZWU2MTgxNTAy
0BxW61uJyyN8TZU1NTzV5WkQtSVk
0BxW61uJyyN8TZTEzNWQ1MjUtNWU0Zi00MTQ5LThhNjMtNTM0YTM4YzlhZTc1
0BxW61uJyyN8TZDI3ODgxZDgtMTgzZS00NWI4LWFiYzgtZTJmMjRiY2JkMDZj
0BxW61uJyyN8TY3d3UV9RdnlDVVU
0BxW61uJyyN8TY2cxNVlCYmNSdTA
0BxW61uJyyN8TY2YzYjM0NmUtMzlkNy00MjIyLTg3MzQtNmVjYWRhNDFkNDRi
0BxW61uJyyN8TYzEwYjNiZWMtZmY2ZS00NzM3LWExNzctOWExN2M4MzZkMGMw
0BxW61uJyyN8TYm5iZDhyNFVCSDg
0BxW61uJyyN8TUEluNDNOanVnMUk
0BxW61uJyyN8TQ3Q2UUE3ME1YZmM
0BxW61uJyyN8TQzZqVVVKRjZ0Z2M
0BxW61uJyyN8TN2NhMzFjNzAtZGJjNS00NDNjLTk2NDAtMmM4OTc4OWQ4ZDAy
0BxW61uJyyN8TNU9SWnlKOURyWmc
0BxW61uJyyN8TNGJhZmI2MjEtOTk4Yy00YjMzLTg1OGUtYWRkNmY3NzI3NzBk
0BxW61uJyyN8TNDVmM2I4MzktNTZiNi00MGFmLWE3ZjgtMTg0YjU3NTE5Mzll
0BxW61uJyyN8TMGEzMjY3YjEtNDA0NS00M2ExLWJiMjItOWRhZDk4OTI4ZjQx
0BxW61uJyyN8TMDg0MDE2MGEtYTI2ZC00YmI0LTgyMDAtZTdjMTVlMjcwNjkx
0BxW61uJyyN8TeG5HNkE3dHFEcWc
0BxW61uJyyN8TdmppLXVoUXB1Ym8
0BxW61uJyyN8TdU1QeG1paThGRFU
0BxW61uJyyN8TcHlrbV9NMVlncjQ
0BxW61uJyyN8TajZYSnNDZkZhVlk
0BxW61uJyyN8TZjIxMGQyZjAtMTAyNy00MDRhLTljMDEtODJhMmUyMTJmMTVm
0BxW61uJyyN8TZXhwaTFHQkxDWVE
0BxW61uJyyN8TZDgxOWU0NGMtYzlmOC00Mjc4LWFhYmYtODk4ZDU0NTA3YzE5
0BxW61uJyyN8TY2IwYjM3ZTktOWZlNi00ZWMyLWJhNGUtYjNmNjFiYTYxOTE5
0BxW61uJyyN8TYjZhZTQ1MjQtZjJmZS00NDQxLThjMWQtZTBkNWU5NjE5MTc3
0BxW61uJyyN8TYWE1MTE0OGUtODc0ZS00NDQzLTk3NmYtYmMwZTVlODhmYWIz
0BxW61uJyyN8TVm5XRDJhS195Ylk
0BxW61uJyyN8TVlVNWWl4UjRTVUk
0BxW61uJyyN8TVGpicHZNd0JCX00
0BxW61uJyyN8TSi1MUnd5Sm9GMEE
0BxW61uJyyN8TRXRlQzJzYXlLaHc
0BxW61uJyyN8TQW9SQlpadTJnS1E
0BxW61uJyyN8TNzg0Njk0ZWYtODNhMi00NzRjLWFjNzktMjg4NTYxM2MzMGM0
0BxW61uJyyN8TNmZjNzllMDktOTVhZS00ZmM1LTk1OTYtYmY3MjNiYzQwMjM1
0BxW61uJyyN8TNmVhMGMxNzYtZjQ5NC00NjdmLWE1M2MtNGRjYWVhMzFmY2U1
0BxW61uJyyN8TNklFX1V0Tl9vNVU
0BxW61uJyyN8TNTRjNWNjYjgtNjdiMC00NzA3LTlhMzMtYjZkODA1ZDM1NzEx
0BxW61uJyyN8TMzBkMzNlZjMtYzE2Yi00OWY5LTg4NjAtMTQxOTkyZTQ0NTEw
0BxW61uJyyN8TLTBoMExZOWRlN2M
0BxW61uJyyN8TRGUyUTRoMmp5Q28
0BxW61uJyyN8TTVY5VlNreGxuQ2c
0BxW61uJyyN8TLUZPQWdfdXQzQ2c
0BxW61uJyyN8TLUllZVRFMkVqV1U
0BxW61uJyyN8TUjQwcXZLOGxUaEtPQ1QzSjc4cFBwZw
0BxW61uJyyN8TUUJfSHNMMFJaaHc
0BxW61uJyyN8TRmcyOXZKaTBTcWktYlhUMXZSU2R1UQ
0BxW61uJyyN8TUzJzX2hCWWtRLUNpSEhwUnV4VXRrQQ
0BxW61uJyyN8Tb1VGRmxEZWxUUUd6clVHZ24xM2VPUQ
0BxW61uJyyN8Tc21BYVhiRTZSWWlLMjE1aWFkcWVhQQ
0BxW61uJyyN8TS2FhalNRT3l6djQ
0BxW61uJyyN8TTjI2azFYaVBOZXc
0BxW61uJyyN8TMjNrOWpJZHBGaDg
0BxW61uJyyN8TNTMzdWdlaks3TkE
0BxW61uJyyN8TOXl2NzFYU3pwa1k
0BxW61uJyyN8TOVZaY2wzdDhxQm8
0BxW61uJyyN8TbWxtcV9vQTF5NUU
0BxW61uJyyN8TZER4UjZ4cFMtVGs
0BxW61uJyyN8TYWtOUjd5b0hhVVE
0BxW61uJyyN8TcEMtMGcyYmFZMVE
0BxW61uJyyN8TbFF6dUt0R2E0RDA
0BxW61uJyyN8TMnRUYnVpbm1Kc0U
0BxW61uJyyN8TaTRsYjBKYml6ZGs
0BxW61uJyyN8TblMwdUR0TXJwbUE
0BxW61uJyyN8TOEctMWJpSGRJbDA
0BxW61uJyyN8TVWQyUFhPVlhac0k
0BxW61uJyyN8TSDZzamhKdjZJdUU
0BxW61uJyyN8TTHVWNDV0RHdibXc
0BxW61uJyyN8TOWd3T2oyMEhlN0k
0BxW61uJyyN8TRkpsV0NsREJadWs
0BxW61uJyyN8TZ0s3cmw4SElPTlk
0BxW61uJyyN8TV19xRDByc3ZWdGs
0BxW61uJyyN8TZldydUpjR2tQZ3c
0BxW61uJyyN8TMjVwaEhDNWkwbGc
0BxW61uJyyN8TckhKMTM5ZWtiTjg
0BxW61uJyyN8TWHUzV09LTEU0WHM
0BxW61uJyyN8TREozLXJuY0MyOEU
0BxW61uJyyN8TS1pDLUZ0U3JNeTQ
0BxW61uJyyN8TMWw3eVNmTnJzYWs
0BxW61uJyyN8TbF9HSzU2LV85Ujg
0BxW61uJyyN8TY3puOW9CZUJZZVU
0BxW61uJyyN8TN2tBOUI0a08wM1k
0BxW61uJyyN8TbmFFanVBNzBEWVU
0BxW61uJyyN8TTldJcktSUVJpclE
0BxW61uJyyN8Tbll5OWdhYnlHLVU
0BxW61uJyyN8TMldXdU5ZVnJPZ0U
0BxW61uJyyN8TZ0hlY3lFTU1SVFk
0BxW61uJyyN8TWEk5Tnh3TjJJb3M
0BxW61uJyyN8TLWxHMjd2VkYwc1k
0BxW61uJyyN8TU1NaQzNvQjJCNGc
0BxW61uJyyN8TbnRxX2JaaUJ3TW8
0BxW61uJyyN8TODRzUnVkWmtLTU0
0BxW61uJyyN8TSENZUlJjWnl5aVk
0BxW61uJyyN8TZlRXTVBKQTdzVjg
0BxW61uJyyN8TdUpjeDY3c01CN28
0BxW61uJyyN8TT1JqbElUd01VTU0
0BxW61uJyyN8TQzhMU3FENXA1OFU
0BxW61uJyyN8TMTY0YmRhZjYtYjIzZS00ZDQ0LWJiMDgtOGQxOTdlMWVjOTUy
0BxW61uJyyN8TNzNhNjlkNWYtYjI5Yi00OGQ5LWJmYzMtY2VmMzNiOTI3MTlh
0BxW61uJyyN8TZGU0ZThmMzAtYzk1Yy00MDhiLTliM2EtNGVmOTViYTViN2E3
0BxW61uJyyN8TNDc4ZmRmMGQtMzYwOS00MTJhLWJiNTUtODBhNDYzZTkwODVm
0BxW61uJyyN8TSGJnUzdta1VoV1k
0BxW61uJyyN8TUGNIRUNnOXY4LW8
0BxW61uJyyN8TandtOERscVU1clk
0BxW61uJyyN8TQXo1UmYzbTdJRXc
0BxW61uJyyN8TS1lEdDg1SWpqbFU
0BxW61uJyyN8TQmJCTHVhLXBUSGc
0BxW61uJyyN8TdVpwUXk0YWdNdHc
0BxW61uJyyN8TYVBNS0lnanhRTEN2TFNtRy1fSHVTUQ
0BxW61uJyyN8TODAxNmEyMDctYTEyYy00ZWQ2LThkNGYtNDRjN2M5MGQ5NDU2
0BxW61uJyyN8TNzdiYmZjOGItNzI2ZS00OGZhLWIwMWUtYTJiYjM4MjIxZWZi
0BxW61uJyyN8TM2RmZTZiMGQtMGI4Ny00MmY0LWI4NzItZDVmY2VhMDdhODBi
0BxW61uJyyN8TNjczOWExMmQtMjVlNC00YTEyLTljNTEtN2MzZDkwNWE1ZTQy
0BxW61uJyyN8TNGRkOWRmYWMtZjRmNC00MjcyLWEwNGQtNWUzMjkyOTI4OTZi
0BxW61uJyyN8TYmE0ZGYxNzYtYjk5ZC00OTRhLThmOTktYzM4ZjExNzlhNzgw
0BxW61uJyyN8TNDBiMjk1MDYtYmY1Mi00MWMwLTg3YzMtMTMxNTQ4ZGY2NTZj
0BxW61uJyyN8TNGMyZTkzZDEtZjUwZC00NGJkLWEwZTUtOGE5NDcyY2I4YzAw
0BxW61uJyyN8TNTEzOGRjMjktYjFmZC00ZmM5LWI4N2MtNTU5MjFmYWNhYTI2
0BxW61uJyyN8TMWRkMGQ5ZjMtYzk1My00MDI4LThhNDUtMzg1NmIxZTQxMmQ2
0BxW61uJyyN8TNThlNDg5MTAtNjVkMS00Y2M3LWE5ZWQtMTkxZGM3MTMzYWM0
0BxW61uJyyN8TNWY0MDNiZmEtNzJmYi00M2U3LWE1ODktYzI5ZjczZDliMjYw
0BxW61uJyyN8TZTg1NDcxMTktZDg5Yi00MmUxLTkwMGItZjFkYTA2ZWRlNThh
0BxW61uJyyN8TVUU1Rm8xdmNIQVE
0BxW61uJyyN8TcjVGUV81LWRNeE0
0BxW61uJyyN8TSlVDSDZrWTV6R3c
0BxW61uJyyN8TX1lTLWxYdWUxU1U
0BxW61uJyyN8TUjBMTjRDMDF6UlE
0BxW61uJyyN8TcDU4QjdMbnB4ekk
0BxW61uJyyN8TU0lfeWNheU1iSFk
0BxW61uJyyN8TT3NlVzRkc2pQRGs
0BxW61uJyyN8TRnNCSENKLVhKNWM
0BxW61uJyyN8TOTg0ZDc4N2EtNjA4YS00OGNmLWJiNWYtYmI1ZjM3YjY2OTc5
0BxW61uJyyN8TZmU3MjMzNzYtZTEyYi00M2JlLTkxMjktMzY4Nzk1ZjE4ZmFl
0BxW61uJyyN8TNGM1MWYxNmUtMTBiNS00OWU0LWI4YzEtMmE3MjAyMDEyZjYy
0BxW61uJyyN8TalpnZ0lzSjdVb0k
0BxW61uJyyN8TSExVUXhwc1YyWTA
0BxW61uJyyN8TM0U2Q05KcVZOTnc
0BxW61uJyyN8TOVFHWktXZTQ1WkE
0BxW61uJyyN8TV3lKWGNDUUducm8
0BxW61uJyyN8TWVVOMThyUWhjWG8
0BxW61uJyyN8TY0xrNlF6c1NsR2c
0BxW61uJyyN8TOWM2YTdhOTUtOTNiZC00MmQ3LWJjNTktNmQ2MGI3YzYzYTJl
0BxW61uJyyN8TY2NhYWIxYzctYmNkOS00ZGMzLWEyN2QtMTI0ZjM1MWQ5Yzg5
0BxW61uJyyN8TYjBlMWY0OGItY2M1Yy00ZjM2LWE0NzEtMGFmNjUxODE4NjI1
0BxW61uJyyN8TNjJiMDYzYmMtNmZjOS00NmFjLWE0MTUtOGM1NDM2YWY5Y2Zh
0BxW61uJyyN8TNDc4ZWY2NjItZTlhMC00N2Q3LTlmZjItOGM4ZDkxMzJhOWQ2
0BxW61uJyyN8TZDRhZDQ3NmQtMTNjOS00ZDM5LWJlYTMtMzU5MzYwZTViYmM4
0BxW61uJyyN8TMDYyZjBiNzUtZTU2Ni00YjJhLWExMzMtNjc1MTBlYjM3MDRh
0BxW61uJyyN8TMzM4NDgzOWYtZjJmYS00YjI0LThjNzAtNGU3YjgxYzc2ZDFm
0BxW61uJyyN8TbGFRRFRxUTc1UWc
0BxW61uJyyN8TcFVjNFRQMmVJTlE
0BxW61uJyyN8TM1A1dWN0Qkl6YXc
0BxW61uJyyN8TOTQ2ZDBjNzItZTZkNS00YzJjLWE1MzUtZGFlOGE4NTNlOGM4
0BxW61uJyyN8TTm1rWFlTX3lxNEk
0BxW61uJyyN8TN3hkaWJxSmlYLU0
0BxW61uJyyN8TMjkyNDY4YWQtOWJmYS00OGQ1LWJmNzktMTI0ZmI1NDY1NGU1
0BxW61uJyyN8TZTY4NzM1YzUtMjZiZS00ZWUzLWJiNWMtMDNlYWQxZGI4Mzg1
0BxW61uJyyN8TYTU5MWNkMmUtZTI4Ni00YTdjLTlhMWYtYjIyNjFmMTk0NTUy
0BxW61uJyyN8TMWRiODA2ZDYtOTA2YS00NTBkLThmZGItNzcxMDVkMGIwMTEx
0BxW61uJyyN8TZTQ3NGUyNTctMTg2OS00YzI0LThmMzYtOWQxYzkyN2ZjNjQ0
0BxW61uJyyN8TNDgxMjYxNzQtOWQ5Ny00MDE0LWFhYzItYjgyOTNjMGUwMDNh
0BxW61uJyyN8TYmQ1ODlhMDItNThlNS00ZGJmLWI3NzgtOWY0MTFlZDRmZjIw
0BxW61uJyyN8TQ0lNWEtYc1k2YUU
0BxW61uJyyN8TVk9ITlVMaE1TYnc
0BxW61uJyyN8TTl9pWTY3QXRSTFNnUG5ncEZDOW1nQQ
0BxW61uJyyN8TTjMyN0x3WmJHalE
0BxW61uJyyN8TSWgwYUljNURkWjg
0BxW61uJyyN8TYm9MMy1scGdQd0U
0BxW61uJyyN8TRW5Ua0xxUWZyb1k
0BxW61uJyyN8TbFlYeGE2M21EaHM
0BxW61uJyyN8Tb3pTLWk2c0s4RTg
0BxW61uJyyN8TRFoydkNMMHFtZkk
0BxW61uJyyN8TclUwN2tNckxwc1k
0BxW61uJyyN8TNFlhNW8zSTVwaDg
0BxW61uJyyN8TeEFOMjBFUjVTYXc
0BxW61uJyyN8TdU1CZS1lYktLOHM
0BxW61uJyyN8TcDFlZVZzOW9BUFk
0BxW61uJyyN8TSG83WElFRzI3WUE
0BxW61uJyyN8TdnZ5QnRHSTlQRG8
0BxW61uJyyN8Td1oyMjhmWjBhRUk
0BxW61uJyyN8Tc1lPRmpndHczWkU
0BxW61uJyyN8TTWxuT3d0emNGUVk
0BxW61uJyyN8TSUNtNjYzQ3BRbnM
0BxW61uJyyN8TREJRN3NoTTAtZWM
0BxW61uJyyN8TS09CR0lpN095Nnc
0BxW61uJyyN8TNmg0bVhqOGFaMUE
0BxW61uJyyN8TdTJXRVp4ZzFPUUU
0BxW61uJyyN8TS2dsRjVpel9hdGM
0BxW61uJyyN8TdXJFTkZfOGJLRGc
0BxW61uJyyN8TWmNfb05BVHV6UGM
0BxW61uJyyN8TbWRPNlhQQmhfdVk
0BxW61uJyyN8TaDdhSmMzODBDY2s
0BxW61uJyyN8TUVhEcmQtc2pkVXc
0BxW61uJyyN8TcjlUZWFjUGM4UGs
0BxW61uJyyN8TZ0FpVGt1bHVfQVU
0BxW61uJyyN8TNnV1T09vbzRmMFk
0BxW61uJyyN8Ta1FCZXBHUmU2RVk
0BxW61uJyyN8TZHJkMGVFRUN5Y3c
0BxW61uJyyN8TWGJvR0JYODZiSG8
0BxW61uJyyN8TRkh1a2JOYnNoV2M
0BxW61uJyyN8TX1p4amdJLVVYTzA
0BxW61uJyyN8TRm81S29pM2J6czg
0BxW61uJyyN8TSzFkUl91RVItbjQ
0BxW61uJyyN8Ta2RpUGpPMUJMOVE
0BxW61uJyyN8Ta24tclhXTmxfbjg
0BxW61uJyyN8TaDlDRElfNFZWMkk
0BxW61uJyyN8TUl9UVXJGZVJheFk
0BxW61uJyyN8TTXVYQWE3d3pWWk0
0BxW61uJyyN8TOXNEYzVnQ3pjSkU
0BxW61uJyyN8TeHB1YWYtSVEtQkE
0BxW61uJyyN8TWEs5cU9mMXZKTXc
0BxW61uJyyN8TRWxYdTlhWVBpYWM
0BxW61uJyyN8TMUQtbXFJaFFDSGc
0BxW61uJyyN8TWk0yQ3J4LXJ4UVk
0BxW61uJyyN8TT0c1ZEN4X055bFE
0BxW61uJyyN8TTG1UZmtSTktKV0E
0BxW61uJyyN8TM3lGLTA1bGVQbkU
0BxW61uJyyN8TMGoxRHVZSGtPMTA
0BxW61uJyyN8TTkJNTkZDZU5hOUE
0BxW61uJyyN8Telp5WWJha19FTEk
0BxW61uJyyN8TbGFkNklWOXRUaW8
0BxW61uJyyN8Temhva0hJekNQU28
0BxW61uJyyN8TMVl4U2ptQkJfdnc
0BxW61uJyyN8TOWFjYjI5YjUtNjhlYi00YWU2LWI4N2ItNWYwODJhMWFkZGU3
0BxW61uJyyN8TZDEwODNiYWQtMDFhYy00YjFiLWFjYjEtMzRmZmE2YTdjZjJj
0BxW61uJyyN8TOGUxNGUxZGQtYzg5Ny00NTY2LWE3ODYtNWM3YTFmMWEyMDIw
0BxW61uJyyN8TNjQ3Njg4OWUtMTc0NS00NTU3LTg4NmMtZTFjMDkyOTY4ODZm
0BxW61uJyyN8TNjY4MzZjMmUtNjMwMy00OWNkLWJiM2QtYmM1MDQzMmUzMzdj
0BxW61uJyyN8TYmI0OTYzZjMtZTU2MS00YmZhLTg5NjctMGI0MDgxNWRjOGM2
0BxW61uJyyN8TZDFiMjc4MWEtYTdkMy00MGYyLWJlOTQtNjkzNmViOTY1MzA1
0BxW61uJyyN8TYWMyYWFlMzgtMjY2My00YmQ4LWI4ZTgtOWRkNmI2YzVjYTAw
0BxW61uJyyN8TYmZiOTFhNWYtZDJmYS00ZWRlLWEzMTctZDQ5OGFmM2Y0YjQx
0BxW61uJyyN8TZTMyNzliNTctOWM5My00ZGYyLWI4ZTUtNGUwMDQxYmFjNzFh
0BxW61uJyyN8TMmMzYTVlYmQtZDcxMy00ODkzLTk4MGQtOWZlMDJkOGI1YmE5
0BxW61uJyyN8TMDI5NzQ4YTMtZDYwNC00NTYxLWJkZWQtZmZmZTRjZTIwZTU0
0BxW61uJyyN8TYzYyODQ1YzgtOTk3Zi00ZDhkLWFiYmEtZjI5ODBmNjNjZDE5
0BxW61uJyyN8TMTVkM2JhYTUtNDQ1NS00YjJjLTliYmItN2Q4NDIzY2YzOTgx
0BxW61uJyyN8TOGIxMmFjYjEtODdlOS00ZWYwLTk1ZWItMTk1MDcwMjA3MjJm
0BxW61uJyyN8TMjAxOGY1MjQtZmFjOC00ZmE5LTljOWYtM2U1NTMxYWZkYmQ0
0BxW61uJyyN8TNGI1YzVmMTQtYmM2Mi00ZWU4LWFjMzYtZTI3Yzk3ZTYzMGEw
0BxW61uJyyN8TMWQ1OTJhYTYtMmZjMy00NGZjLWI0NzgtOWE4MmIzMGJhMzRl
0BxW61uJyyN8TR1U1anBoaGRSd2lxWFE4b0R5RWJEQQ
0BxW61uJyyN8TR1RRdllqdjBnazQ
0BxW61uJyyN8TS2stcm5aU3FDVlk
0BxW61uJyyN8TUE90VEpqc1VCTVE
0BxW61uJyyN8TZHQzSFh1VGhVbWM
0BxW61uJyyN8TTlhYUGhQMldyR00
0BxW61uJyyN8TOGlsWjVOTzYzYlU
0BxW61uJyyN8Tbm1PdjB3S0Vmcmc
0BxW61uJyyN8TOTJhWk0xT2d4UnM
0BxW61uJyyN8TbGNvNUczTmNxbHM
0BxW61uJyyN8TUlFZRE5FTnhIVVk
0BxW61uJyyN8TS3JSWWYzUmFKanM
0BxW61uJyyN8Ta0FDNEdVbW5rb3c
0BxW61uJyyN8TSF82a2drT3FCMUE
0BxW61uJyyN8TSzJ6Szdnd2NWMk0
0BxW61uJyyN8TUl8tcFJ0ZTNUajQ
0BxW61uJyyN8TRlcyZ2l4QnJDTUE
0BxW61uJyyN8TZkdiQk1rd29NdFU
0BxW61uJyyN8TblFJVENVUFlQdG8
0BxW61uJyyN8TR09TVi1uSWVlaFU
0BxW61uJyyN8TLVA4YmxKU0UtbmM
0BxW61uJyyN8TaS1abjJNLVU1SnM
0BxW61uJyyN8TdDVRdGdBbWhZWWM
0BxW61uJyyN8TTVVjbERIaXFkVG8
0BxW61uJyyN8TYmJpNXRPb2wySTQ
0BxW61uJyyN8TdHBDOWd1ZnBTREk
0BxW61uJyyN8TZEZBRXV1RlFQOGc
0BxW61uJyyN8TbmtQbXhmTFY2Rkk
0BxW61uJyyN8TMTRmSTkyMXRQenM
0BxW61uJyyN8TY3dVdmlPSmtXX1k
0BxW61uJyyN8TUWZRVWRSWVV3TTQ
0BxW61uJyyN8TT0g2bkQyLU4xZ2c
0BxW61uJyyN8TNTZzQXgzWmdVZDg
0BxW61uJyyN8TYTA0MjdiYTYtN2QxNi00ZjY3LWI2NTYtMzlmMDU3ZDMxOTBj
0BxW61uJyyN8TNGMzNjcyOTEtZTBlOC00ZjU4LTkyMjQtNWZmMWZkZjJhMmZh
0BxW61uJyyN8TMjk4YWUwODYtYTkyMi00MDJjLTk1ODItZTUxZWNhNTE5ZGRl
0BxW61uJyyN8TZTUzMTc1YTktZDMwZi00OWM2LTg2MzQtZTYxNzMwMzUxYjQ5
0BxW61uJyyN8TMTk5M2FmNjUtN2I0My00MDE4LTgwYTEtMDAwNTE4ZTBhZThh
0BxW61uJyyN8TY2YxNDQ4NjEtZDJiMC00ZjNjLTljNTEtZTljMWI0NDJhZjc1
0BxW61uJyyN8TYTlhNmEwNzItMDdjNi00YmY4LWEzYmQtNzA1NzgxNWQzYjFi
0BxW61uJyyN8TNjgzNmZkNDUtODVjMy00ZDBiLTk3MjEtOTVmYmZjNTczZTBk
0BxW61uJyyN8TNTlmZTI3NzEtYmZhMS00N2RkLTllYTEtZDFkOWEwZTdmMDI1
0BxW61uJyyN8TMWUwOTBhYzEtN2E3YS00N2RkLWI1Y2MtNjJlMTAwYjE0Zjgy
0BxW61uJyyN8TZTY3NDQ1OTYtYjMxNi00Y2JlLTk3NTEtMzRiNDI4NjZhODMy
0BxW61uJyyN8TNGU0MDQwNDQtYjM1ZS00YzI0LTlmY2ItMGJiOGNjZGYxYTcw
0BxW61uJyyN8TNWU2NGMxMTMtMDcyZS00OTFjLWE0ZWQtM2NjM2RiNTcwZmFj
0BxW61uJyyN8TZmE0ODljM2QtODI0OS00NDVkLWJjNmUtYjE2YTg1OWY4N2M4
0BxW61uJyyN8TOTY2NzMwNjMtNDUzNi00M2VlLWFmNmQtMmQ1NjY2NzcxN2Y2
0BxW61uJyyN8TZjczY2ZhYjctMzhjOS00ODc4LWIxN2QtMmM2MDYzNjhhMTNk
0BxW61uJyyN8TMGFnc2hrS2l4WlE
0BxW61uJyyN8TNGQwZmJiZDYtODY2My00ZWE5LTg3YjgtOTZiMzY5ZjU2YmE5
0BxW61uJyyN8TaThPeWlLa1V2SHM
0BxW61uJyyN8TbXl5ZlA3S0xTcW04LWlZZ0g2OVRaUQ
0BxW61uJyyN8TZmE1MWJiZjMtYmU1Yy00OTFhLWI5ZDItY2RlYjBhNDc1OWRm
0BxW61uJyyN8TMmU0YzU3MTUtOTJkYS00MDZlLTg0ZTQtODA1N2Q2ZTQ1MjZi
0BxW61uJyyN8TMmE5NGFjOTctZTRiNy00YTYyLTk5ZjYtOGFmNWMwMTIzNWNh
0BxW61uJyyN8TMjRjYTUxNmItMjBiZC00YTg2LWIwNDktZDI5ZWM5YjZlZWI5
0BxW61uJyyN8TMWM2MTFjM2MtNmY0OS00MTE3LTljOGItZmYwZmViYjIxOTQ2
0BxW61uJyyN8TYUZPMjlvNi1LMjA
0BxW61uJyyN8TQVI2VG1TTl96NEU
0BxW61uJyyN8TdmUzR3ZKenFBaVk
0BxW61uJyyN8TQzNkaU9aa1gtZ1E
0BxW61uJyyN8TQVRicHpwWnFUQ1U
0BxW61uJyyN8TbWN4dlQ4Mk80RmM
0BxW61uJyyN8TZWE3NmYxOGYtNmIwYy00ZWIxLWExMGMtMTQyMjI3MTZiYjNi
0BxW61uJyyN8TZGFlZDY2NzgtMTA4Mi00YjJlLWJjYjItNjlhNjFlZWE3Mjgy
0BxW61uJyyN8TU3k3WEV4bkVUamVHLVc1bWlXb0d3Zw
0BxW61uJyyN8TT1lEZkl6NXZTSmc
0BxW61uJyyN8TQU51QU9nRUFTZUNBb2ZjbzE1V1JTZw
0BxW61uJyyN8TOTkzZWQwODgtNDE1MS00Mzg0LTljY2YtYTUwOWI4NWE3Y2Yx
0BxW61uJyyN8TNzAxYzJlMWItZmU5Yy00Y2JlLWJjZWYtOTE0OWY0NWZiNzFi
0BxW61uJyyN8TNTdkM2JmOGUtNGYxNy00ZmZmLWJlY2QtODg2OTBhOWNhYjEw
0BxW61uJyyN8TM2VlNjRlNzktNzgyMC00MjBhLTk2M2UtYzUyMGFhYTg1M2Zj
0BxW61uJyyN8TMmE0MTkxYWQtYjE3ZC00YjYzLWIxMWUtMDg5NGI0YzI5YjI5
0BxW61uJyyN8TMGExNjJjNjEtNDhkNC00NTA2LTk0NjMtYjg3YWQ4MmM5NWIx
0BxW61uJyyN8TSnhMU2N5dElObG8
0BxW61uJyyN8TY0hHWXlQU2c3eEk
0BxW61uJyyN8TcTVYN1lhSUhBTE0
0BxW61uJyyN8TSF9nbVBrb2tYUXc
0BxW61uJyyN8TaUFab2tSa1Q2Wjg
0BxW61uJyyN8TZmMzZjY5ZWUtNjljZC00MGYwLTg4YzktZDMzNTQ2ZGIzODhi
0BxW61uJyyN8TYmEwMWE1OWEtZGY5MS00YzU3LWE3ZjAtMmVkY2YzNDkzNzY4
0BxW61uJyyN8TYjI3NWE3OTgtYzE0Yy00NzJhLWJkMzMtNWFkYmJlNGU4NTgw
0BxW61uJyyN8TYjBCYU9WLTVYRzQ
0BxW61uJyyN8TYTJjM2U0NDMtYzdjZi00MzZiLWEzMmItMDBiODM1ZjdlNmNm
0BxW61uJyyN8TOTdhYWMwZWMtYWRiMy00OWI5LThmYjctZjMyOGEwMGQ4ODZm
0BxW61uJyyN8TNzUzZDJmMTEtNjI1OS00NmEwLWJhNzgtOGYzMDliZTA0MzEz
0BxW61uJyyN8TNUt4eUM0MWNLMGc
0BxW61uJyyN8TNzc3MWExYzItNjAxYy00MWI2LWIzMDUtOTQwYWI2MTM0ZGRi
0BxW61uJyyN8TOTg4ZGY5OTMtNGYwZC00ZWRlLWFjZjctYWRlNDE4YmRiM2Uw
0BxW61uJyyN8TMWI4MzkxYmItODIwMS00YjBhLWEyMWItZmJmMzQ2MWRhN2Uw
0BxW61uJyyN8TZjg1NTZkM2MtNjc3ZS00YWIxLTg5NTctZDdiM2Q0Y2U4OTRl
0BxW61uJyyN8TMzAyNDk1ZDQtYTk1My00NTU4LWFlMDItMDAxZWM4OTcxZWEx
0BxW61uJyyN8TZTRjMmE0NmQtY2M2Yy00Nzg0LTgxNDMtYmQ5N2ZkMDRmMmZi
0BxW61uJyyN8TNjZiYmI0N2UtYjJmMC00NzMwLTlmMzEtY2ZlZGY3OTEzMjdk
0BxW61uJyyN8TYzY0Yjc4NmItNjE5NS00YmM1LWI0MGItYThkMjllNWYwNDEx
0BxW61uJyyN8TNGYzNmQyNjUtYWRhMi00NDhlLTk1N2YtMjUxZjE1MTI2YWQ3
0BxW61uJyyN8TMGY3ZTkwMzQtYzc3MC00YjlhLWE3YjctNjc2MzdkYjM0MTli
0BxW61uJyyN8TMjExOTEzOGYtMDg2Ny00MGFiLThiNDYtZmU3YmNkNzQ1ZGM2
0BxW61uJyyN8TNjg0YTBhNjAtODMxOC00OTQ2LWFlMDUtYTY0ODZiZmZiYTEw
0BxW61uJyyN8TeS0zR3E2UkxHQ28
0BxW61uJyyN8TeFItSlE4dDk1ODg
0BxW61uJyyN8Td21NenlzSEJRdG8
0BxW61uJyyN8TdU9kVy1VU2JRSlE
0BxW61uJyyN8Tc1dGLTJZNnZjUDg
0BxW61uJyyN8TcmJyWTU1T3F4Q00
0BxW61uJyyN8TckRCYk44ZnVtaGs
0BxW61uJyyN8TcU5PLTVxUGJHWE0
0BxW61uJyyN8TcHlUMDZwTUsyd3M
0BxW61uJyyN8TbHQ3REFpT25tcHc
0BxW61uJyyN8Ta3VCLXNJWnVpRDA
0BxW61uJyyN8TanNFdjVzc012Vm8
0BxW61uJyyN8TYm84V2dpRk5FOTQ
0BxW61uJyyN8TYm4zUXJLVnV4T28
0BxW61uJyyN8TYk1Jc1JRWlZSd3M
0BxW61uJyyN8TYVpmMTk2ZUd2SWs
0BxW61uJyyN8TX0xEZ040S3NWQUk
0BxW61uJyyN8TWFVLRFpBYXRXdFk
0BxW61uJyyN8TV045YnZQTmhTazQ
0BxW61uJyyN8TVi02UEw3cm9Cblk
0BxW61uJyyN8TVG1uT0Nwb3p2OXM
0BxW61uJyyN8TVFcxSUVObnJHMDQ
0BxW61uJyyN8TUnBkVkxzTmptX3c
0BxW61uJyyN8TTWp2T29PVWVoMG8
0BxW61uJyyN8TTU9TaHVVdFhFLW8
0BxW61uJyyN8TTEloNnhHTWJOWjg
0BxW61uJyyN8TS3FzUVFBUk1SeGs
0BxW61uJyyN8TSzJHNUNUSU5UUVU
0BxW61uJyyN8TSUlya2s3MEJUV0U
0BxW61uJyyN8TSFJMeXc0WTBobkU
0BxW61uJyyN8TQURkcGFCN3ZJR1E
0BxW61uJyyN8TOWE2TzZvSEd0TTQ
0BxW61uJyyN8TOURRSnRQSlRkaFE
0BxW61uJyyN8TOEdKcjV6RzNFNkk
0BxW61uJyyN8TMzhuQmRYX2RwS0k
0BxW61uJyyN8TMml6Nldnc2VET2s
0BxW61uJyyN8TME9XcnF4RDNtSWM
0BxW61uJyyN8TMERqNEtBZlBTQ00
0BxW61uJyyN8TLTBtTnlLdDNuRlE
0BxW61uJyyN8TcXhBZGl3TVJFTFE
0BxW61uJyyN8TWHpZWGtrN25PeDg
0BxW61uJyyN8TNXlDWTFPYlA3clVnS0oxS0hLX3dMREJDY3Jn
0BxW61uJyyN8TTWFnRlEzVWxZaE5JdTdnWHdEdm9LeFczU3I0
0BxW61uJyyN8TQ2JOdjBFOFlLdVQxMHlseFl6M1hCUk9qY0pB
0BxW61uJyyN8TYTQydUV1djBya2M
0BxW61uJyyN8TV215X1V3MTNDdFE
0BxW61uJyyN8TczN5bG5oaF9fSWs
0BxW61uJyyN8TcVB5eTgzOGNXRzA
0BxW61uJyyN8TREtJUGIxSVozODQ
0BxW61uJyyN8TYS05bE9tcEJhTGc
0BxW61uJyyN8TX3FKaGtNVlNKcmc
0BxW61uJyyN8TcVY2VHRYMHZQOEk
0BxW61uJyyN8TdzlvVWEwZkYwbG8
0BxW61uJyyN8Tamc3YmQzNEV4cEU
0BxW61uJyyN8TalRtekh5Zlh1OEU
0BxW61uJyyN8TdGh5TFFqZXBFZDQ
0BxW61uJyyN8TeV9zbThkUmdsU2M
0BxW61uJyyN8TNF9kbmFtZW1mdms
0BxW61uJyyN8TTk5HUTZkVkJCcTA
0BxW61uJyyN8TeUJuLVRrekJHbEk
0BxW61uJyyN8TalNsYkpwOHFPQ0E
0BxW61uJyyN8TZEJhLWphOGl0eEk
0BxW61uJyyN8TLUMxRU1BZnRDY2s
0BxW61uJyyN8TVVRBNzNqLVgyYWc
0BxW61uJyyN8TQ245ZDR3ay10MVk
0BxW61uJyyN8TUGFERVJndE83dHM
0BxW61uJyyN8TbU01T0Y1OFJla0k
0BxW61uJyyN8TenV4UEp6dl9ndDQ
0BxW61uJyyN8TajhiLTJILWh0ZFk
0BxW61uJyyN8TTFlYUHdyMUdkUFU
0BxW61uJyyN8TUHdnZ2h6UWdZNk0
0BxW61uJyyN8TdXRHQ1BSTTF3ajQ
0BxW61uJyyN8TY18wNjFScWpBbVE
0BxW61uJyyN8TZHJKZ256bE5JNGM
0BxW61uJyyN8TZkRDVDhOZXZyNlU
0BxW61uJyyN8TSU5WQmNNdjdpWGs
0BxW61uJyyN8TODVUZld2N2hzS3c
0BxW61uJyyN8TaWNZUHFiMk5wLWM
0BxW61uJyyN8TVUFmZThNTGplVk0
0BxW61uJyyN8TUFRjT3lZOGRJdUE
0BxW61uJyyN8TLWhQNkkyaE9xaHM
0BxW61uJyyN8TMXU3Ry02V19FME0
0BxW61uJyyN8TQ3BKcEc5UzhoLW8
0BxW61uJyyN8Tb2JrcGk2bUlMNFU
0BxW61uJyyN8TZ2czcWctcEd4aW8
0BxW61uJyyN8TUVZVdUZtYUx2TFk
0BxW61uJyyN8TcUh6TnF5V04ydHc
0BxW61uJyyN8TU2FvRXNaX29ReVk
0BxW61uJyyN8TV2VVcTdJMFQzZHc
0BxW61uJyyN8TZkxvN3BEVTA0aFU
0BxW61uJyyN8TblRxM0F1dE15WEk
0BxW61uJyyN8TWHRpUV84WW4tLVE
0BxW61uJyyN8TVF80RndCVV9oNkk
0BxW61uJyyN8TaTdNdTA0YzFLdzg
0BxW61uJyyN8TZno2T0JXX1JLWGc
0BxW61uJyyN8TWkRDeVR3UFlya1U
0BxW61uJyyN8TaXZxeG9KZmxWc3M
0BxW61uJyyN8Tb0dPUG9EN2pRMFE
0BxW61uJyyN8TdGhsMWN2bDhfdGM
0BxW61uJyyN8TYjFncG5qUTFMYzQ
0BxW61uJyyN8TMEZlTVFyWHQyNUU
